2022-02-24 21:42:12,644 ERROR 16909 nodejs.ClusterClientNoResponseError: client no response in 210638ms exceeding maxIdleTime 60000ms, maybe the connection is close on other side.
    at Timeout._onTimeout (/Users/lruler/Desktop/222/node_modules/cluster-client/lib/leader.js:77:23)
    at listOnTimeout (internal/timers.js:555:17)
    at processTimers (internal/timers.js:498:7)
name: "ClusterClientNoResponseError"
pid: 16909
hostname: liuyuledeMacBook-Pro.local

2022-02-24 22:01:38,650 ERROR 16909 nodejs.ClusterClientNoResponseError: client no response in 205889ms exceeding maxIdleTime 60000ms, maybe the connection is close on other side.
    at Timeout._onTimeout (/Users/lruler/Desktop/222/node_modules/cluster-client/lib/leader.js:77:23)
    at listOnTimeout (internal/timers.js:555:17)
    at processTimers (internal/timers.js:498:7)
name: "ClusterClientNoResponseError"
pid: 16909
hostname: liuyuledeMacBook-Pro.local

2022-02-25 16:33:21,666 ERROR 28811 [-/127.0.0.1/-/2ms POST /blog/upload] nodejs.TypeError: Cannot read properties of undefined (reading '0')
    at BlogController.uploadImg (/Users/lruler/Desktop/222/app/controller/blog.ts:27:35)
    at Object.callFn (/Users/lruler/Desktop/222/node_modules/egg-core/lib/utils/index.js:44:21)
    at Object.classControllerMiddleware (/Users/lruler/Desktop/222/node_modules/egg-core/lib/loader/mixin/controller.js:87:20)
    at Object.callFn (/Users/lruler/Desktop/222/node_modules/@eggjs/router/lib/utils.js:12:21)
    at wrappedController (/Users/lruler/Desktop/222/node_modules/@eggjs/router/lib/egg_router.js:322:18)
    at dispatch (/Users/lruler/Desktop/222/node_modules/@eggjs/router/node_modules/koa-compose/index.js:44:32)
    at next (/Users/lruler/Desktop/222/node_modules/@eggjs/router/node_modules/koa-compose/index.js:45:18)
    at /Users/lruler/Desktop/222/node_modules/@eggjs/router/lib/router.js:186:18
    at dispatch (/Users/lruler/Desktop/222/node_modules/@eggjs/router/node_modules/koa-compose/index.js:44:32)
    at /Users/lruler/Desktop/222/node_modules/@eggjs/router/node_modules/koa-compose/index.js:36:12

pid: 28811
hostname: liuyuledeMacBook-Pro.local

2022-02-25 16:34:29,727 ERROR 28851 [-/127.0.0.1/-/6ms POST /blog/upload] nodejs.TypeError: Cannot read properties of undefined (reading '0')
    at BlogController.uploadImg (/Users/lruler/Desktop/222/app/controller/blog.ts:27:35)
    at Object.callFn (/Users/lruler/Desktop/222/node_modules/egg-core/lib/utils/index.js:44:21)
    at Object.classControllerMiddleware (/Users/lruler/Desktop/222/node_modules/egg-core/lib/loader/mixin/controller.js:87:20)
    at Object.callFn (/Users/lruler/Desktop/222/node_modules/@eggjs/router/lib/utils.js:12:21)
    at wrappedController (/Users/lruler/Desktop/222/node_modules/@eggjs/router/lib/egg_router.js:322:18)
    at dispatch (/Users/lruler/Desktop/222/node_modules/@eggjs/router/node_modules/koa-compose/index.js:44:32)
    at next (/Users/lruler/Desktop/222/node_modules/@eggjs/router/node_modules/koa-compose/index.js:45:18)
    at /Users/lruler/Desktop/222/node_modules/@eggjs/router/lib/router.js:186:18
    at dispatch (/Users/lruler/Desktop/222/node_modules/@eggjs/router/node_modules/koa-compose/index.js:44:32)
    at /Users/lruler/Desktop/222/node_modules/@eggjs/router/node_modules/koa-compose/index.js:36:12

pid: 28851
hostname: liuyuledeMacBook-Pro.local

2022-02-25 16:34:46,625 ERROR 28864 [-/127.0.0.1/-/5ms POST /blog/upload] nodejs.TypeError: Cannot read properties of undefined (reading '0')
    at BlogController.uploadImg (/Users/lruler/Desktop/222/app/controller/blog.ts:27:35)
    at Object.callFn (/Users/lruler/Desktop/222/node_modules/egg-core/lib/utils/index.js:44:21)
    at Object.classControllerMiddleware (/Users/lruler/Desktop/222/node_modules/egg-core/lib/loader/mixin/controller.js:87:20)
    at Object.callFn (/Users/lruler/Desktop/222/node_modules/@eggjs/router/lib/utils.js:12:21)
    at wrappedController (/Users/lruler/Desktop/222/node_modules/@eggjs/router/lib/egg_router.js:322:18)
    at dispatch (/Users/lruler/Desktop/222/node_modules/@eggjs/router/node_modules/koa-compose/index.js:44:32)
    at next (/Users/lruler/Desktop/222/node_modules/@eggjs/router/node_modules/koa-compose/index.js:45:18)
    at /Users/lruler/Desktop/222/node_modules/@eggjs/router/lib/router.js:186:18
    at dispatch (/Users/lruler/Desktop/222/node_modules/@eggjs/router/node_modules/koa-compose/index.js:44:32)
    at /Users/lruler/Desktop/222/node_modules/@eggjs/router/node_modules/koa-compose/index.js:36:12

pid: 28864
hostname: liuyuledeMacBook-Pro.local

2022-02-25 16:35:20,849 ERROR 28864 [-/127.0.0.1/-/23ms POST /blog/upload] nodejs.ENOENTError: ENOENT: no such file or directory, open './app/public/upload/25/1645778120841.svg'
    at Object.openSync (node:fs:585:3)
    at Object.writeFileSync (node:fs:2155:35)
    at BlogController.uploadImg (/Users/lruler/Desktop/222/app/controller/blog.ts:39:10)
    at Object.callFn (/Users/lruler/Desktop/222/node_modules/egg-core/lib/utils/index.js:44:21)
    at Object.classControllerMiddleware (/Users/lruler/Desktop/222/node_modules/egg-core/lib/loader/mixin/controller.js:87:20)
    at Object.callFn (/Users/lruler/Desktop/222/node_modules/@eggjs/router/lib/utils.js:12:21)
    at wrappedController (/Users/lruler/Desktop/222/node_modules/@eggjs/router/lib/egg_router.js:322:18)
    at dispatch (/Users/lruler/Desktop/222/node_modules/@eggjs/router/node_modules/koa-compose/index.js:44:32)
    at next (/Users/lruler/Desktop/222/node_modules/@eggjs/router/node_modules/koa-compose/index.js:45:18)
    at /Users/lruler/Desktop/222/node_modules/@eggjs/router/lib/router.js:186:18
errno: -2
syscall: "open"
code: "ENOENT"
path: "./app/public/upload/25/1645778120841.svg"
name: "ENOENTError"
pid: 28864
hostname: liuyuledeMacBook-Pro.local

2022-02-25 16:54:46,543 ERROR 29643 [-/127.0.0.1/-/23ms POST /blog/upload] nodejs.TypeError: Callback must be a function. Received undefined
    at makeCallback (node:fs:186:3)
    at Object.mkdir (node:fs:1298:14)
    at BlogController.uploadImg (/Users/lruler/Desktop/222/app/controller/blog.ts:36:13)
    at Object.callFn (/Users/lruler/Desktop/222/node_modules/egg-core/lib/utils/index.js:44:21)
    at Object.classControllerMiddleware (/Users/lruler/Desktop/222/node_modules/egg-core/lib/loader/mixin/controller.js:87:20)
    at Object.callFn (/Users/lruler/Desktop/222/node_modules/@eggjs/router/lib/utils.js:12:21)
    at wrappedController (/Users/lruler/Desktop/222/node_modules/@eggjs/router/lib/egg_router.js:322:18)
    at dispatch (/Users/lruler/Desktop/222/node_modules/@eggjs/router/node_modules/koa-compose/index.js:44:32)
    at next (/Users/lruler/Desktop/222/node_modules/@eggjs/router/node_modules/koa-compose/index.js:45:18)
    at /Users/lruler/Desktop/222/node_modules/@eggjs/router/lib/router.js:186:18
code: "ERR_INVALID_CALLBACK"
pid: 29643
hostname: liuyuledeMacBook-Pro.local

2022-02-25 17:12:49,648 ERROR 30043 [-/127.0.0.1/-/21ms POST /blog/upload] nodejs.TypeError: The "path" argument must be of type string. Received undefined
    at new NodeError (node:internal/errors:371:5)
    at validateString (node:internal/validators:120:11)
    at Object.join (node:path:1172:7)
    at BlogController.uploadImg (/Users/lruler/Desktop/222/app/controller/blog.ts:31:25)
    at processTicksAndRejections (node:internal/process/task_queues:96:5)
    at async /Users/lruler/Desktop/222/node_modules/egg-development/app/middleware/egg_loader_trace.js:9:50
    at async session (/Users/lruler/Desktop/222/node_modules/koa-session/index.js:41:7)
    at async bodyParser (/Users/lruler/Desktop/222/node_modules/koa-bodyparser/index.js:95:5)
    at async /Users/lruler/Desktop/222/node_modules/koa-static-cache/index.js:39:63
    at async notfound (/Users/lruler/Desktop/222/node_modules/egg/app/middleware/notfound.js:5:5)
code: "ERR_INVALID_ARG_TYPE"
pid: 30043
hostname: liuyuledeMacBook-Pro.local

2022-02-25 17:13:21,156 ERROR 30043 [-/127.0.0.1/-/4ms POST /blog/upload] nodejs.TypeError: The "path" argument must be of type string. Received undefined
    at new NodeError (node:internal/errors:371:5)
    at validateString (node:internal/validators:120:11)
    at Object.join (node:path:1172:7)
    at BlogController.uploadImg (/Users/lruler/Desktop/222/app/controller/blog.ts:31:25)
    at processTicksAndRejections (node:internal/process/task_queues:96:5)
    at async /Users/lruler/Desktop/222/node_modules/egg-development/app/middleware/egg_loader_trace.js:9:50
    at async session (/Users/lruler/Desktop/222/node_modules/koa-session/index.js:41:7)
    at async bodyParser (/Users/lruler/Desktop/222/node_modules/koa-bodyparser/index.js:95:5)
    at async /Users/lruler/Desktop/222/node_modules/koa-static-cache/index.js:39:63
    at async notfound (/Users/lruler/Desktop/222/node_modules/egg/app/middleware/notfound.js:5:5)
code: "ERR_INVALID_ARG_TYPE"
pid: 30043
hostname: liuyuledeMacBook-Pro.local

2022-02-25 17:25:13,056 ERROR 30470 [-/127.0.0.1/-/17ms POST /blog/upload] nodejs.TypeError: await_stream_ready_1.default is not a function
    at BlogController.uploadImg (/Users/lruler/Desktop/222/app/controller/blog.ts:40:29)
    at processTicksAndRejections (node:internal/process/task_queues:96:5)
    at async /Users/lruler/Desktop/222/node_modules/egg-development/app/middleware/egg_loader_trace.js:9:50
    at async session (/Users/lruler/Desktop/222/node_modules/koa-session/index.js:41:7)
    at async bodyParser (/Users/lruler/Desktop/222/node_modules/koa-bodyparser/index.js:95:5)
    at async /Users/lruler/Desktop/222/node_modules/koa-static-cache/index.js:39:63
    at async notfound (/Users/lruler/Desktop/222/node_modules/egg/app/middleware/notfound.js:5:5)
    at async meta (/Users/lruler/Desktop/222/node_modules/egg/app/middleware/meta.js:18:5)

pid: 30470
hostname: liuyuledeMacBook-Pro.local

2022-02-25 17:30:02,222 ERROR 30556 [-/127.0.0.1/-/15ms POST /blog/upload] nodejs.TypeError: awaitWriteStream is not a function
    at BlogController.uploadImg (/Users/lruler/Desktop/222/app/controller/blog.ts:40:13)
    at processTicksAndRejections (node:internal/process/task_queues:96:5)
    at async /Users/lruler/Desktop/222/node_modules/egg-development/app/middleware/egg_loader_trace.js:9:50
    at async session (/Users/lruler/Desktop/222/node_modules/koa-session/index.js:41:7)
    at async bodyParser (/Users/lruler/Desktop/222/node_modules/koa-bodyparser/index.js:95:5)
    at async /Users/lruler/Desktop/222/node_modules/koa-static-cache/index.js:39:63
    at async notfound (/Users/lruler/Desktop/222/node_modules/egg/app/middleware/notfound.js:5:5)
    at async meta (/Users/lruler/Desktop/222/node_modules/egg/app/middleware/meta.js:18:5)

pid: 30556
hostname: liuyuledeMacBook-Pro.local

2022-02-25 17:37:04,000 ERROR 30675 [-/127.0.0.1/-/20ms POST /blog/upload] nodejs.TypeError: Callback must be a function. Received undefined
    at maybeCallback (node:fs:177:3)
    at Object.writeFile (node:fs:2103:14)
    at BlogController.uploadImg (/Users/lruler/Desktop/222/app/controller/blog.ts:39:16)
    at processTicksAndRejections (node:internal/process/task_queues:96:5)
    at async /Users/lruler/Desktop/222/node_modules/egg-development/app/middleware/egg_loader_trace.js:9:50
    at async session (/Users/lruler/Desktop/222/node_modules/koa-session/index.js:41:7)
    at async bodyParser (/Users/lruler/Desktop/222/node_modules/koa-bodyparser/index.js:95:5)
    at async /Users/lruler/Desktop/222/node_modules/koa-static-cache/index.js:39:63
    at async notfound (/Users/lruler/Desktop/222/node_modules/egg/app/middleware/notfound.js:5:5)
    at async meta (/Users/lruler/Desktop/222/node_modules/egg/app/middleware/meta.js:18:5)
code: "ERR_INVALID_CALLBACK"
pid: 30675
hostname: liuyuledeMacBook-Pro.local

2022-02-25 17:38:41,629 ERROR 30752 [-/127.0.0.1/-/15ms POST /blog/upload] nodejs.TypeError: Callback must be a function. Received undefined
    at maybeCallback (node:fs:177:3)
    at Object.writeFile (node:fs:2103:14)
    at BlogController.uploadImg (/Users/lruler/Desktop/222/app/controller/blog.ts:39:16)
    at processTicksAndRejections (node:internal/process/task_queues:96:5)
    at async /Users/lruler/Desktop/222/node_modules/egg-development/app/middleware/egg_loader_trace.js:9:50
    at async session (/Users/lruler/Desktop/222/node_modules/koa-session/index.js:41:7)
    at async bodyParser (/Users/lruler/Desktop/222/node_modules/koa-bodyparser/index.js:95:5)
    at async /Users/lruler/Desktop/222/node_modules/koa-static-cache/index.js:39:63
    at async notfound (/Users/lruler/Desktop/222/node_modules/egg/app/middleware/notfound.js:5:5)
    at async meta (/Users/lruler/Desktop/222/node_modules/egg/app/middleware/meta.js:18:5)
code: "ERR_INVALID_CALLBACK"
pid: 30752
hostname: liuyuledeMacBook-Pro.local

2022-02-25 17:41:10,505 ERROR 30804 [-/127.0.0.1/-/16ms POST /blog/upload] nodejs.TypeError: The "data" argument must be of type string or an instance of Buffer, TypedArray, or DataView. Received an instance of WriteStream
    at Object.writeFile (node:fs:2108:5)
    at BlogController.uploadImg (/Users/lruler/Desktop/222/app/controller/blog.ts:39:16)
    at processTicksAndRejections (node:internal/process/task_queues:96:5)
    at async /Users/lruler/Desktop/222/node_modules/egg-development/app/middleware/egg_loader_trace.js:9:50
    at async session (/Users/lruler/Desktop/222/node_modules/koa-session/index.js:41:7)
    at async bodyParser (/Users/lruler/Desktop/222/node_modules/koa-bodyparser/index.js:95:5)
    at async /Users/lruler/Desktop/222/node_modules/koa-static-cache/index.js:39:63
    at async notfound (/Users/lruler/Desktop/222/node_modules/egg/app/middleware/notfound.js:5:5)
    at async meta (/Users/lruler/Desktop/222/node_modules/egg/app/middleware/meta.js:18:5)
code: "ERR_INVALID_ARG_TYPE"
pid: 30804
hostname: liuyuledeMacBook-Pro.local

2022-02-25 17:42:38,976 ERROR 30830 [-/127.0.0.1/-/5ms POST /blog/upload] nodejs.TypeError: The "data" argument must be of type string or an instance of Buffer, TypedArray, or DataView. Received an instance of WriteStream
    at Object.writeFile (node:fs:2108:5)
    at BlogController.uploadImg (/Users/lruler/Desktop/222/app/controller/blog.ts:39:16)
    at processTicksAndRejections (node:internal/process/task_queues:96:5)
    at async /Users/lruler/Desktop/222/node_modules/egg-development/app/middleware/egg_loader_trace.js:9:50
    at async session (/Users/lruler/Desktop/222/node_modules/koa-session/index.js:41:7)
    at async bodyParser (/Users/lruler/Desktop/222/node_modules/koa-bodyparser/index.js:95:5)
    at async /Users/lruler/Desktop/222/node_modules/koa-static-cache/index.js:39:63
    at async notfound (/Users/lruler/Desktop/222/node_modules/egg/app/middleware/notfound.js:5:5)
    at async meta (/Users/lruler/Desktop/222/node_modules/egg/app/middleware/meta.js:18:5)
code: "ERR_INVALID_ARG_TYPE"
pid: 30830
hostname: liuyuledeMacBook-Pro.local

2022-02-25 17:42:46,283 ERROR 30830 [-/127.0.0.1/-/3ms POST /blog/upload] nodejs.TypeError: The "data" argument must be of type string or an instance of Buffer, TypedArray, or DataView. Received an instance of WriteStream
    at Object.writeFile (node:fs:2108:5)
    at BlogController.uploadImg (/Users/lruler/Desktop/222/app/controller/blog.ts:39:16)
    at processTicksAndRejections (node:internal/process/task_queues:96:5)
    at async /Users/lruler/Desktop/222/node_modules/egg-development/app/middleware/egg_loader_trace.js:9:50
    at async session (/Users/lruler/Desktop/222/node_modules/koa-session/index.js:41:7)
    at async bodyParser (/Users/lruler/Desktop/222/node_modules/koa-bodyparser/index.js:95:5)
    at async /Users/lruler/Desktop/222/node_modules/koa-static-cache/index.js:39:63
    at async notfound (/Users/lruler/Desktop/222/node_modules/egg/app/middleware/notfound.js:5:5)
    at async meta (/Users/lruler/Desktop/222/node_modules/egg/app/middleware/meta.js:18:5)
code: "ERR_INVALID_ARG_TYPE"
pid: 30830
hostname: liuyuledeMacBook-Pro.local

2022-02-25 17:44:28,901 ERROR 30869 [-/127.0.0.1/-/19ms POST /blog/upload] nodejs.TypeError: awaitWriteStream is not a function
    at BlogController.uploadImg (/Users/lruler/Desktop/222/app/controller/blog.ts:40:13)
    at processTicksAndRejections (node:internal/process/task_queues:96:5)
    at async /Users/lruler/Desktop/222/node_modules/egg-development/app/middleware/egg_loader_trace.js:9:50
    at async session (/Users/lruler/Desktop/222/node_modules/koa-session/index.js:41:7)
    at async bodyParser (/Users/lruler/Desktop/222/node_modules/koa-bodyparser/index.js:95:5)
    at async /Users/lruler/Desktop/222/node_modules/koa-static-cache/index.js:39:63
    at async notfound (/Users/lruler/Desktop/222/node_modules/egg/app/middleware/notfound.js:5:5)
    at async meta (/Users/lruler/Desktop/222/node_modules/egg/app/middleware/meta.js:18:5)

pid: 30869
hostname: liuyuledeMacBook-Pro.local

2022-02-25 18:47:58,315 ERROR 29637 nodejs.ClusterClientNoResponseError: client no response in 696640ms exceeding maxIdleTime 60000ms, maybe the connection is close on other side.
    at Timeout._onTimeout (/Users/lruler/Desktop/222/node_modules/cluster-client/lib/leader.js:77:23)
    at listOnTimeout (node:internal/timers:559:17)
    at processTimers (node:internal/timers:502:7)
name: "ClusterClientNoResponseError"
pid: 29637
hostname: liuyuledeMacBook-Pro.local

2022-02-25 19:12:24,147 ERROR 29637 nodejs.ClusterClientNoResponseError: client no response in 618937ms exceeding maxIdleTime 60000ms, maybe the connection is close on other side.
    at Timeout._onTimeout (/Users/lruler/Desktop/222/node_modules/cluster-client/lib/leader.js:77:23)
    at listOnTimeout (node:internal/timers:559:17)
    at processTimers (node:internal/timers:502:7)
name: "ClusterClientNoResponseError"
pid: 29637
hostname: liuyuledeMacBook-Pro.local

