2022-02-22 15:44:56,306 INFO 85448 [egg-schedule]: register schedule /Users/lruler/Desktop/222/node_modules/egg-multipart/app/schedule/clean_tmpdir.js
2022-02-22 15:44:56,306 INFO 85448 [egg-schedule]: register schedule /Users/lruler/Desktop/222/node_modules/egg-logrotator/app/schedule/clean_log.js
2022-02-22 15:44:56,306 INFO 85448 [egg-schedule]: register schedule /Users/lruler/Desktop/222/node_modules/egg-logrotator/app/schedule/rotate_by_file.js
2022-02-22 15:44:57,677 INFO 85447 [Timer] /Users/lruler/Desktop/222/node_modules/egg-multipart/app/schedule/clean_tmpdir.js next time will execute after 45902325ms at 2022-02-23 04:30:00.002
2022-02-22 15:44:57,677 INFO 85447 [Timer] /Users/lruler/Desktop/222/node_modules/egg-logrotator/app/schedule/clean_log.js next time will execute after 29702323ms at 2022-02-23 00:00:00.000
2022-02-22 15:44:57,677 INFO 85447 [Timer] /Users/lruler/Desktop/222/node_modules/egg-logrotator/app/schedule/rotate_by_file.js next time will execute after 29703323ms at 2022-02-23 00:00:01.000
2022-02-22 16:33:44,239 INFO 87164 [egg-schedule]: register schedule /Users/lruler/Desktop/222/node_modules/egg-multipart/app/schedule/clean_tmpdir.js
2022-02-22 16:33:44,239 INFO 87164 [egg-schedule]: register schedule /Users/lruler/Desktop/222/node_modules/egg-logrotator/app/schedule/clean_log.js
2022-02-22 16:33:44,239 INFO 87164 [egg-schedule]: register schedule /Users/lruler/Desktop/222/node_modules/egg-logrotator/app/schedule/rotate_by_file.js
2022-02-22 16:33:46,547 INFO 87162 [Timer] /Users/lruler/Desktop/222/node_modules/egg-multipart/app/schedule/clean_tmpdir.js next time will execute after 42973455ms at 2022-02-23 04:30:00.002
2022-02-22 16:33:46,547 INFO 87162 [Timer] /Users/lruler/Desktop/222/node_modules/egg-logrotator/app/schedule/clean_log.js next time will execute after 26773453ms at 2022-02-23 00:00:00.000
2022-02-22 16:33:46,548 INFO 87162 [Timer] /Users/lruler/Desktop/222/node_modules/egg-logrotator/app/schedule/rotate_by_file.js next time will execute after 26774453ms at 2022-02-23 00:00:01.001
2022-02-22 16:34:03,026 INFO 87183 [egg-schedule]: register schedule /Users/lruler/Desktop/222/node_modules/egg-multipart/app/schedule/clean_tmpdir.js
2022-02-22 16:34:03,026 INFO 87183 [egg-schedule]: register schedule /Users/lruler/Desktop/222/node_modules/egg-logrotator/app/schedule/clean_log.js
2022-02-22 16:34:03,026 INFO 87183 [egg-schedule]: register schedule /Users/lruler/Desktop/222/node_modules/egg-logrotator/app/schedule/rotate_by_file.js
2022-02-22 16:35:10,099 INFO 87219 [egg-schedule]: register schedule /Users/lruler/Desktop/222/node_modules/egg-multipart/app/schedule/clean_tmpdir.js
2022-02-22 16:35:10,099 INFO 87219 [egg-schedule]: register schedule /Users/lruler/Desktop/222/node_modules/egg-logrotator/app/schedule/clean_log.js
2022-02-22 16:35:10,099 INFO 87219 [egg-schedule]: register schedule /Users/lruler/Desktop/222/node_modules/egg-logrotator/app/schedule/rotate_by_file.js
2022-02-22 16:35:28,222 INFO 87283 [Timer] /Users/lruler/Desktop/222/node_modules/egg-multipart/app/schedule/clean_tmpdir.js next time will execute after 42871779ms at 2022-02-23 04:30:00.001
2022-02-22 16:35:28,222 INFO 87283 [Timer] /Users/lruler/Desktop/222/node_modules/egg-logrotator/app/schedule/clean_log.js next time will execute after 26671778ms at 2022-02-23 00:00:00.000
2022-02-22 16:35:28,223 INFO 87283 [Timer] /Users/lruler/Desktop/222/node_modules/egg-logrotator/app/schedule/rotate_by_file.js next time will execute after 26672778ms at 2022-02-23 00:00:01.000
2022-02-22 16:35:27,958 INFO 87286 [egg-schedule]: register schedule /Users/lruler/Desktop/222/node_modules/egg-multipart/app/schedule/clean_tmpdir.js
2022-02-22 16:35:27,958 INFO 87286 [egg-schedule]: register schedule /Users/lruler/Desktop/222/node_modules/egg-logrotator/app/schedule/clean_log.js
2022-02-22 16:35:27,958 INFO 87286 [egg-schedule]: register schedule /Users/lruler/Desktop/222/node_modules/egg-logrotator/app/schedule/rotate_by_file.js
2022-02-24 21:36:25,368 INFO 16862 [egg-schedule]: register schedule /Users/lruler/Desktop/222/node_modules/egg-multipart/app/schedule/clean_tmpdir.js
2022-02-24 21:36:25,368 INFO 16862 [egg-schedule]: register schedule /Users/lruler/Desktop/222/node_modules/egg-logrotator/app/schedule/clean_log.js
2022-02-24 21:36:25,368 INFO 16862 [egg-schedule]: register schedule /Users/lruler/Desktop/222/node_modules/egg-logrotator/app/schedule/rotate_by_file.js
2022-02-24 21:36:25,707 INFO 16855 [Timer] /Users/lruler/Desktop/222/node_modules/egg-multipart/app/schedule/clean_tmpdir.js next time will execute after 24814295ms at 2022-02-25 04:30:00.002
2022-02-24 21:36:25,707 INFO 16855 [Timer] /Users/lruler/Desktop/222/node_modules/egg-logrotator/app/schedule/clean_log.js next time will execute after 8614293ms at 2022-02-25 00:00:00.000
2022-02-24 21:36:25,707 INFO 16855 [Timer] /Users/lruler/Desktop/222/node_modules/egg-logrotator/app/schedule/rotate_by_file.js next time will execute after 8615293ms at 2022-02-25 00:00:01.000
2022-02-24 21:37:31,630 INFO 16914 [egg-schedule]: register schedule /Users/lruler/Desktop/222/node_modules/egg-multipart/app/schedule/clean_tmpdir.js
2022-02-24 21:37:31,630 INFO 16914 [egg-schedule]: register schedule /Users/lruler/Desktop/222/node_modules/egg-logrotator/app/schedule/clean_log.js
2022-02-24 21:37:31,630 INFO 16914 [egg-schedule]: register schedule /Users/lruler/Desktop/222/node_modules/egg-logrotator/app/schedule/rotate_by_file.js
2022-02-24 21:37:31,944 INFO 16909 [Timer] /Users/lruler/Desktop/222/node_modules/egg-multipart/app/schedule/clean_tmpdir.js next time will execute after 24748060ms at 2022-02-25 04:30:00.004
2022-02-24 21:37:31,944 INFO 16909 [Timer] /Users/lruler/Desktop/222/node_modules/egg-logrotator/app/schedule/clean_log.js next time will execute after 8548056ms at 2022-02-25 00:00:00.000
2022-02-24 21:37:31,944 INFO 16909 [Timer] /Users/lruler/Desktop/222/node_modules/egg-logrotator/app/schedule/rotate_by_file.js next time will execute after 8549056ms at 2022-02-25 00:00:01.000
2022-02-24 21:38:21,585 INFO 16932 [egg-schedule]: register schedule /Users/lruler/Desktop/222/node_modules/egg-multipart/app/schedule/clean_tmpdir.js
2022-02-24 21:38:21,585 INFO 16932 [egg-schedule]: register schedule /Users/lruler/Desktop/222/node_modules/egg-logrotator/app/schedule/clean_log.js
2022-02-24 21:38:21,585 INFO 16932 [egg-schedule]: register schedule /Users/lruler/Desktop/222/node_modules/egg-logrotator/app/schedule/rotate_by_file.js
2022-02-24 22:08:42,584 INFO 17386 [egg-schedule]: register schedule /Users/lruler/Desktop/222/node_modules/egg-multipart/app/schedule/clean_tmpdir.js
2022-02-24 22:08:42,584 INFO 17386 [egg-schedule]: register schedule /Users/lruler/Desktop/222/node_modules/egg-logrotator/app/schedule/clean_log.js
2022-02-24 22:08:42,584 INFO 17386 [egg-schedule]: register schedule /Users/lruler/Desktop/222/node_modules/egg-logrotator/app/schedule/rotate_by_file.js
2022-02-24 22:09:14,985 INFO 17399 [egg-schedule]: register schedule /Users/lruler/Desktop/222/node_modules/egg-multipart/app/schedule/clean_tmpdir.js
2022-02-24 22:09:14,985 INFO 17399 [egg-schedule]: register schedule /Users/lruler/Desktop/222/node_modules/egg-logrotator/app/schedule/clean_log.js
2022-02-24 22:09:14,985 INFO 17399 [egg-schedule]: register schedule /Users/lruler/Desktop/222/node_modules/egg-logrotator/app/schedule/rotate_by_file.js
2022-02-24 22:09:32,192 INFO 17406 [egg-schedule]: register schedule /Users/lruler/Desktop/222/node_modules/egg-multipart/app/schedule/clean_tmpdir.js
2022-02-24 22:09:32,192 INFO 17406 [egg-schedule]: register schedule /Users/lruler/Desktop/222/node_modules/egg-logrotator/app/schedule/clean_log.js
2022-02-24 22:09:32,192 INFO 17406 [egg-schedule]: register schedule /Users/lruler/Desktop/222/node_modules/egg-logrotator/app/schedule/rotate_by_file.js
2022-02-24 22:10:07,827 INFO 17415 [egg-schedule]: register schedule /Users/lruler/Desktop/222/node_modules/egg-multipart/app/schedule/clean_tmpdir.js
2022-02-24 22:10:07,827 INFO 17415 [egg-schedule]: register schedule /Users/lruler/Desktop/222/node_modules/egg-logrotator/app/schedule/clean_log.js
2022-02-24 22:10:07,827 INFO 17415 [egg-schedule]: register schedule /Users/lruler/Desktop/222/node_modules/egg-logrotator/app/schedule/rotate_by_file.js
2022-02-24 22:10:09,794 INFO 17418 [egg-schedule]: register schedule /Users/lruler/Desktop/222/node_modules/egg-multipart/app/schedule/clean_tmpdir.js
2022-02-24 22:10:09,794 INFO 17418 [egg-schedule]: register schedule /Users/lruler/Desktop/222/node_modules/egg-logrotator/app/schedule/clean_log.js
2022-02-24 22:10:09,794 INFO 17418 [egg-schedule]: register schedule /Users/lruler/Desktop/222/node_modules/egg-logrotator/app/schedule/rotate_by_file.js
2022-02-24 22:10:24,529 INFO 17421 [egg-schedule]: register schedule /Users/lruler/Desktop/222/node_modules/egg-multipart/app/schedule/clean_tmpdir.js
2022-02-24 22:10:24,529 INFO 17421 [egg-schedule]: register schedule /Users/lruler/Desktop/222/node_modules/egg-logrotator/app/schedule/clean_log.js
2022-02-24 22:10:24,529 INFO 17421 [egg-schedule]: register schedule /Users/lruler/Desktop/222/node_modules/egg-logrotator/app/schedule/rotate_by_file.js
2022-02-24 22:10:43,986 INFO 17428 [egg-schedule]: register schedule /Users/lruler/Desktop/222/node_modules/egg-multipart/app/schedule/clean_tmpdir.js
2022-02-24 22:10:43,986 INFO 17428 [egg-schedule]: register schedule /Users/lruler/Desktop/222/node_modules/egg-logrotator/app/schedule/clean_log.js
2022-02-24 22:10:43,986 INFO 17428 [egg-schedule]: register schedule /Users/lruler/Desktop/222/node_modules/egg-logrotator/app/schedule/rotate_by_file.js
2022-02-24 22:11:49,467 INFO 17442 [egg-schedule]: register schedule /Users/lruler/Desktop/222/node_modules/egg-multipart/app/schedule/clean_tmpdir.js
2022-02-24 22:11:49,467 INFO 17442 [egg-schedule]: register schedule /Users/lruler/Desktop/222/node_modules/egg-logrotator/app/schedule/clean_log.js
2022-02-24 22:11:49,467 INFO 17442 [egg-schedule]: register schedule /Users/lruler/Desktop/222/node_modules/egg-logrotator/app/schedule/rotate_by_file.js
2022-02-24 22:16:28,358 INFO 17532 [egg-schedule]: register schedule /Users/lruler/Desktop/222/node_modules/egg-multipart/app/schedule/clean_tmpdir.js
2022-02-24 22:16:28,358 INFO 17532 [egg-schedule]: register schedule /Users/lruler/Desktop/222/node_modules/egg-logrotator/app/schedule/clean_log.js
2022-02-24 22:16:28,358 INFO 17532 [egg-schedule]: register schedule /Users/lruler/Desktop/222/node_modules/egg-logrotator/app/schedule/rotate_by_file.js
2022-02-24 22:16:31,825 INFO 17538 [egg-schedule]: register schedule /Users/lruler/Desktop/222/node_modules/egg-multipart/app/schedule/clean_tmpdir.js
2022-02-24 22:16:31,825 INFO 17538 [egg-schedule]: register schedule /Users/lruler/Desktop/222/node_modules/egg-logrotator/app/schedule/clean_log.js
2022-02-24 22:16:31,825 INFO 17538 [egg-schedule]: register schedule /Users/lruler/Desktop/222/node_modules/egg-logrotator/app/schedule/rotate_by_file.js
2022-02-24 22:17:19,073 INFO 17552 [egg-schedule]: register schedule /Users/lruler/Desktop/222/node_modules/egg-multipart/app/schedule/clean_tmpdir.js
2022-02-24 22:17:19,073 INFO 17552 [egg-schedule]: register schedule /Users/lruler/Desktop/222/node_modules/egg-logrotator/app/schedule/clean_log.js
2022-02-24 22:17:19,073 INFO 17552 [egg-schedule]: register schedule /Users/lruler/Desktop/222/node_modules/egg-logrotator/app/schedule/rotate_by_file.js
2022-02-24 22:22:31,620 INFO 17692 [egg-schedule]: register schedule /Users/lruler/Desktop/222/node_modules/egg-multipart/app/schedule/clean_tmpdir.js
2022-02-24 22:22:31,620 INFO 17692 [egg-schedule]: register schedule /Users/lruler/Desktop/222/node_modules/egg-logrotator/app/schedule/clean_log.js
2022-02-24 22:22:31,620 INFO 17692 [egg-schedule]: register schedule /Users/lruler/Desktop/222/node_modules/egg-logrotator/app/schedule/rotate_by_file.js
2022-02-25 00:07:43,848 INFO 16909 [Timer] /Users/lruler/Desktop/222/node_modules/egg-logrotator/app/schedule/clean_log.js next time will execute after 85936161ms at 2022-02-26 00:00:00.009
2022-02-25 00:07:43,854 INFO 16909 [Timer] /Users/lruler/Desktop/222/node_modules/egg-logrotator/app/schedule/rotate_by_file.js next time will execute after 85937151ms at 2022-02-26 00:00:01.005
2022-02-25 04:44:21,509 INFO 16909 [Timer] /Users/lruler/Desktop/222/node_modules/egg-multipart/app/schedule/clean_tmpdir.js next time will execute after 85538518ms at 2022-02-26 04:30:00.026
2022-02-25 16:18:06,046 INFO 28507 [egg-schedule]: register schedule /Users/lruler/Desktop/222/node_modules/egg-multipart/app/schedule/clean_tmpdir.js
2022-02-25 16:18:06,046 INFO 28507 [egg-schedule]: register schedule /Users/lruler/Desktop/222/node_modules/egg-logrotator/app/schedule/clean_log.js
2022-02-25 16:18:06,046 INFO 28507 [egg-schedule]: register schedule /Users/lruler/Desktop/222/node_modules/egg-logrotator/app/schedule/rotate_by_file.js
2022-02-25 16:18:06,583 INFO 28502 [Timer] /Users/lruler/Desktop/222/node_modules/egg-multipart/app/schedule/clean_tmpdir.js next time will execute after 42113419ms at 2022-02-26 04:00:00.001
2022-02-25 16:18:06,583 INFO 28502 [Timer] /Users/lruler/Desktop/222/node_modules/egg-logrotator/app/schedule/clean_log.js next time will execute after 27713417ms at 2022-02-26 00:00:00.000
2022-02-25 16:18:06,583 INFO 28502 [Timer] /Users/lruler/Desktop/222/node_modules/egg-logrotator/app/schedule/rotate_by_file.js next time will execute after 27714417ms at 2022-02-26 00:00:01.000
2022-02-25 16:18:38,538 INFO 28524 [egg-schedule]: register schedule /Users/lruler/Desktop/222/node_modules/egg-multipart/app/schedule/clean_tmpdir.js
2022-02-25 16:18:38,538 INFO 28524 [egg-schedule]: register schedule /Users/lruler/Desktop/222/node_modules/egg-logrotator/app/schedule/clean_log.js
2022-02-25 16:18:38,538 INFO 28524 [egg-schedule]: register schedule /Users/lruler/Desktop/222/node_modules/egg-logrotator/app/schedule/rotate_by_file.js
2022-02-25 16:32:28,760 INFO 28811 [egg-schedule]: register schedule /Users/lruler/Desktop/222/node_modules/egg-multipart/app/schedule/clean_tmpdir.js
2022-02-25 16:32:28,760 INFO 28811 [egg-schedule]: register schedule /Users/lruler/Desktop/222/node_modules/egg-logrotator/app/schedule/clean_log.js
2022-02-25 16:32:28,760 INFO 28811 [egg-schedule]: register schedule /Users/lruler/Desktop/222/node_modules/egg-logrotator/app/schedule/rotate_by_file.js
2022-02-25 16:34:23,856 INFO 28851 [egg-schedule]: register schedule /Users/lruler/Desktop/222/node_modules/egg-multipart/app/schedule/clean_tmpdir.js
2022-02-25 16:34:23,856 INFO 28851 [egg-schedule]: register schedule /Users/lruler/Desktop/222/node_modules/egg-logrotator/app/schedule/clean_log.js
2022-02-25 16:34:23,856 INFO 28851 [egg-schedule]: register schedule /Users/lruler/Desktop/222/node_modules/egg-logrotator/app/schedule/rotate_by_file.js
2022-02-25 16:34:44,727 INFO 28864 [egg-schedule]: register schedule /Users/lruler/Desktop/222/node_modules/egg-multipart/app/schedule/clean_tmpdir.js
2022-02-25 16:34:44,727 INFO 28864 [egg-schedule]: register schedule /Users/lruler/Desktop/222/node_modules/egg-logrotator/app/schedule/clean_log.js
2022-02-25 16:34:44,727 INFO 28864 [egg-schedule]: register schedule /Users/lruler/Desktop/222/node_modules/egg-logrotator/app/schedule/rotate_by_file.js
2022-02-25 16:36:15,931 INFO 28904 [egg-schedule]: register schedule /Users/lruler/Desktop/222/node_modules/egg-multipart/app/schedule/clean_tmpdir.js
2022-02-25 16:36:15,931 INFO 28904 [egg-schedule]: register schedule /Users/lruler/Desktop/222/node_modules/egg-logrotator/app/schedule/clean_log.js
2022-02-25 16:36:15,931 INFO 28904 [egg-schedule]: register schedule /Users/lruler/Desktop/222/node_modules/egg-logrotator/app/schedule/rotate_by_file.js
2022-02-25 16:54:40,976 INFO 29637 [Timer] /Users/lruler/Desktop/222/node_modules/egg-multipart/app/schedule/clean_tmpdir.js next time will execute after 39919025ms at 2022-02-26 04:00:00.001
2022-02-25 16:54:40,976 INFO 29637 [Timer] /Users/lruler/Desktop/222/node_modules/egg-logrotator/app/schedule/clean_log.js next time will execute after 25519024ms at 2022-02-26 00:00:00.000
2022-02-25 16:54:40,977 INFO 29637 [Timer] /Users/lruler/Desktop/222/node_modules/egg-logrotator/app/schedule/rotate_by_file.js next time will execute after 25520024ms at 2022-02-26 00:00:01.001
2022-02-25 16:54:40,782 INFO 29643 [egg-schedule]: register schedule /Users/lruler/Desktop/222/node_modules/egg-multipart/app/schedule/clean_tmpdir.js
2022-02-25 16:54:40,782 INFO 29643 [egg-schedule]: register schedule /Users/lruler/Desktop/222/node_modules/egg-logrotator/app/schedule/clean_log.js
2022-02-25 16:54:40,782 INFO 29643 [egg-schedule]: register schedule /Users/lruler/Desktop/222/node_modules/egg-logrotator/app/schedule/rotate_by_file.js
2022-02-25 16:55:51,354 INFO 29676 [egg-schedule]: register schedule /Users/lruler/Desktop/222/node_modules/egg-multipart/app/schedule/clean_tmpdir.js
2022-02-25 16:55:51,354 INFO 29676 [egg-schedule]: register schedule /Users/lruler/Desktop/222/node_modules/egg-logrotator/app/schedule/clean_log.js
2022-02-25 16:55:51,354 INFO 29676 [egg-schedule]: register schedule /Users/lruler/Desktop/222/node_modules/egg-logrotator/app/schedule/rotate_by_file.js
2022-02-25 17:08:03,589 INFO 29927 [egg-schedule]: register schedule /Users/lruler/Desktop/222/node_modules/egg-multipart/app/schedule/clean_tmpdir.js
2022-02-25 17:08:03,589 INFO 29927 [egg-schedule]: register schedule /Users/lruler/Desktop/222/node_modules/egg-logrotator/app/schedule/clean_log.js
2022-02-25 17:08:03,590 INFO 29927 [egg-schedule]: register schedule /Users/lruler/Desktop/222/node_modules/egg-logrotator/app/schedule/rotate_by_file.js
2022-02-25 17:08:24,252 INFO 29946 [egg-schedule]: register schedule /Users/lruler/Desktop/222/node_modules/egg-multipart/app/schedule/clean_tmpdir.js
2022-02-25 17:08:24,252 INFO 29946 [egg-schedule]: register schedule /Users/lruler/Desktop/222/node_modules/egg-logrotator/app/schedule/clean_log.js
2022-02-25 17:08:24,252 INFO 29946 [egg-schedule]: register schedule /Users/lruler/Desktop/222/node_modules/egg-logrotator/app/schedule/rotate_by_file.js
2022-02-25 17:10:04,038 INFO 29984 [egg-schedule]: register schedule /Users/lruler/Desktop/222/node_modules/egg-multipart/app/schedule/clean_tmpdir.js
2022-02-25 17:10:04,038 INFO 29984 [egg-schedule]: register schedule /Users/lruler/Desktop/222/node_modules/egg-logrotator/app/schedule/clean_log.js
2022-02-25 17:10:04,038 INFO 29984 [egg-schedule]: register schedule /Users/lruler/Desktop/222/node_modules/egg-logrotator/app/schedule/rotate_by_file.js
2022-02-25 17:10:11,823 INFO 29988 [egg-schedule]: register schedule /Users/lruler/Desktop/222/node_modules/egg-multipart/app/schedule/clean_tmpdir.js
2022-02-25 17:10:11,823 INFO 29988 [egg-schedule]: register schedule /Users/lruler/Desktop/222/node_modules/egg-logrotator/app/schedule/clean_log.js
2022-02-25 17:10:11,823 INFO 29988 [egg-schedule]: register schedule /Users/lruler/Desktop/222/node_modules/egg-logrotator/app/schedule/rotate_by_file.js
2022-02-25 17:10:34,386 INFO 29999 [egg-schedule]: register schedule /Users/lruler/Desktop/222/node_modules/egg-multipart/app/schedule/clean_tmpdir.js
2022-02-25 17:10:34,386 INFO 29999 [egg-schedule]: register schedule /Users/lruler/Desktop/222/node_modules/egg-logrotator/app/schedule/clean_log.js
2022-02-25 17:10:34,386 INFO 29999 [egg-schedule]: register schedule /Users/lruler/Desktop/222/node_modules/egg-logrotator/app/schedule/rotate_by_file.js
2022-02-25 17:10:35,262 INFO 30000 [egg-schedule]: register schedule /Users/lruler/Desktop/222/node_modules/egg-multipart/app/schedule/clean_tmpdir.js
2022-02-25 17:10:35,262 INFO 30000 [egg-schedule]: register schedule /Users/lruler/Desktop/222/node_modules/egg-logrotator/app/schedule/clean_log.js
2022-02-25 17:10:35,262 INFO 30000 [egg-schedule]: register schedule /Users/lruler/Desktop/222/node_modules/egg-logrotator/app/schedule/rotate_by_file.js
2022-02-25 17:10:38,004 INFO 30006 [egg-schedule]: register schedule /Users/lruler/Desktop/222/node_modules/egg-multipart/app/schedule/clean_tmpdir.js
2022-02-25 17:10:38,004 INFO 30006 [egg-schedule]: register schedule /Users/lruler/Desktop/222/node_modules/egg-logrotator/app/schedule/clean_log.js
2022-02-25 17:10:38,004 INFO 30006 [egg-schedule]: register schedule /Users/lruler/Desktop/222/node_modules/egg-logrotator/app/schedule/rotate_by_file.js
2022-02-25 17:10:41,894 INFO 30013 [egg-schedule]: register schedule /Users/lruler/Desktop/222/node_modules/egg-multipart/app/schedule/clean_tmpdir.js
2022-02-25 17:10:41,894 INFO 30013 [egg-schedule]: register schedule /Users/lruler/Desktop/222/node_modules/egg-logrotator/app/schedule/clean_log.js
2022-02-25 17:10:41,894 INFO 30013 [egg-schedule]: register schedule /Users/lruler/Desktop/222/node_modules/egg-logrotator/app/schedule/rotate_by_file.js
2022-02-25 17:10:44,859 INFO 30016 [egg-schedule]: register schedule /Users/lruler/Desktop/222/node_modules/egg-multipart/app/schedule/clean_tmpdir.js
2022-02-25 17:10:44,859 INFO 30016 [egg-schedule]: register schedule /Users/lruler/Desktop/222/node_modules/egg-logrotator/app/schedule/clean_log.js
2022-02-25 17:10:44,859 INFO 30016 [egg-schedule]: register schedule /Users/lruler/Desktop/222/node_modules/egg-logrotator/app/schedule/rotate_by_file.js
2022-02-25 17:10:47,593 INFO 30017 [egg-schedule]: register schedule /Users/lruler/Desktop/222/node_modules/egg-multipart/app/schedule/clean_tmpdir.js
2022-02-25 17:10:47,593 INFO 30017 [egg-schedule]: register schedule /Users/lruler/Desktop/222/node_modules/egg-logrotator/app/schedule/clean_log.js
2022-02-25 17:10:47,593 INFO 30017 [egg-schedule]: register schedule /Users/lruler/Desktop/222/node_modules/egg-logrotator/app/schedule/rotate_by_file.js
2022-02-25 17:11:13,017 INFO 30024 [egg-schedule]: register schedule /Users/lruler/Desktop/222/node_modules/egg-multipart/app/schedule/clean_tmpdir.js
2022-02-25 17:11:13,017 INFO 30024 [egg-schedule]: register schedule /Users/lruler/Desktop/222/node_modules/egg-logrotator/app/schedule/clean_log.js
2022-02-25 17:11:13,017 INFO 30024 [egg-schedule]: register schedule /Users/lruler/Desktop/222/node_modules/egg-logrotator/app/schedule/rotate_by_file.js
2022-02-25 17:11:33,298 INFO 30029 [egg-schedule]: register schedule /Users/lruler/Desktop/222/node_modules/egg-multipart/app/schedule/clean_tmpdir.js
2022-02-25 17:11:33,298 INFO 30029 [egg-schedule]: register schedule /Users/lruler/Desktop/222/node_modules/egg-logrotator/app/schedule/clean_log.js
2022-02-25 17:11:33,298 INFO 30029 [egg-schedule]: register schedule /Users/lruler/Desktop/222/node_modules/egg-logrotator/app/schedule/rotate_by_file.js
2022-02-25 17:12:12,951 INFO 30043 [egg-schedule]: register schedule /Users/lruler/Desktop/222/node_modules/egg-multipart/app/schedule/clean_tmpdir.js
2022-02-25 17:12:12,951 INFO 30043 [egg-schedule]: register schedule /Users/lruler/Desktop/222/node_modules/egg-logrotator/app/schedule/clean_log.js
2022-02-25 17:12:12,951 INFO 30043 [egg-schedule]: register schedule /Users/lruler/Desktop/222/node_modules/egg-logrotator/app/schedule/rotate_by_file.js
2022-02-25 17:14:39,853 INFO 30084 [egg-schedule]: register schedule /Users/lruler/Desktop/222/node_modules/egg-multipart/app/schedule/clean_tmpdir.js
2022-02-25 17:14:39,853 INFO 30084 [egg-schedule]: register schedule /Users/lruler/Desktop/222/node_modules/egg-logrotator/app/schedule/clean_log.js
2022-02-25 17:14:39,853 INFO 30084 [egg-schedule]: register schedule /Users/lruler/Desktop/222/node_modules/egg-logrotator/app/schedule/rotate_by_file.js
2022-02-25 17:15:23,103 INFO 30099 [egg-schedule]: register schedule /Users/lruler/Desktop/222/node_modules/egg-multipart/app/schedule/clean_tmpdir.js
2022-02-25 17:15:23,103 INFO 30099 [egg-schedule]: register schedule /Users/lruler/Desktop/222/node_modules/egg-logrotator/app/schedule/clean_log.js
2022-02-25 17:15:23,104 INFO 30099 [egg-schedule]: register schedule /Users/lruler/Desktop/222/node_modules/egg-logrotator/app/schedule/rotate_by_file.js
2022-02-25 17:16:49,543 INFO 30154 [egg-schedule]: register schedule /Users/lruler/Desktop/222/node_modules/egg-multipart/app/schedule/clean_tmpdir.js
2022-02-25 17:16:49,543 INFO 30154 [egg-schedule]: register schedule /Users/lruler/Desktop/222/node_modules/egg-logrotator/app/schedule/clean_log.js
2022-02-25 17:16:49,543 INFO 30154 [egg-schedule]: register schedule /Users/lruler/Desktop/222/node_modules/egg-logrotator/app/schedule/rotate_by_file.js
2022-02-25 17:17:00,224 INFO 30167 [egg-schedule]: register schedule /Users/lruler/Desktop/222/node_modules/egg-multipart/app/schedule/clean_tmpdir.js
2022-02-25 17:17:00,224 INFO 30167 [egg-schedule]: register schedule /Users/lruler/Desktop/222/node_modules/egg-logrotator/app/schedule/clean_log.js
2022-02-25 17:17:00,224 INFO 30167 [egg-schedule]: register schedule /Users/lruler/Desktop/222/node_modules/egg-logrotator/app/schedule/rotate_by_file.js
2022-02-25 17:17:19,349 INFO 30174 [egg-schedule]: register schedule /Users/lruler/Desktop/222/node_modules/egg-multipart/app/schedule/clean_tmpdir.js
2022-02-25 17:17:19,349 INFO 30174 [egg-schedule]: register schedule /Users/lruler/Desktop/222/node_modules/egg-logrotator/app/schedule/clean_log.js
2022-02-25 17:17:19,349 INFO 30174 [egg-schedule]: register schedule /Users/lruler/Desktop/222/node_modules/egg-logrotator/app/schedule/rotate_by_file.js
2022-02-25 17:17:50,171 INFO 30181 [egg-schedule]: register schedule /Users/lruler/Desktop/222/node_modules/egg-multipart/app/schedule/clean_tmpdir.js
2022-02-25 17:17:50,171 INFO 30181 [egg-schedule]: register schedule /Users/lruler/Desktop/222/node_modules/egg-logrotator/app/schedule/clean_log.js
2022-02-25 17:17:50,171 INFO 30181 [egg-schedule]: register schedule /Users/lruler/Desktop/222/node_modules/egg-logrotator/app/schedule/rotate_by_file.js
2022-02-25 17:19:09,972 INFO 30243 [egg-schedule]: register schedule /Users/lruler/Desktop/222/node_modules/egg-multipart/app/schedule/clean_tmpdir.js
2022-02-25 17:19:09,972 INFO 30243 [egg-schedule]: register schedule /Users/lruler/Desktop/222/node_modules/egg-logrotator/app/schedule/clean_log.js
2022-02-25 17:19:09,972 INFO 30243 [egg-schedule]: register schedule /Users/lruler/Desktop/222/node_modules/egg-logrotator/app/schedule/rotate_by_file.js
2022-02-25 17:19:17,736 INFO 30250 [egg-schedule]: register schedule /Users/lruler/Desktop/222/node_modules/egg-multipart/app/schedule/clean_tmpdir.js
2022-02-25 17:19:17,736 INFO 30250 [egg-schedule]: register schedule /Users/lruler/Desktop/222/node_modules/egg-logrotator/app/schedule/clean_log.js
2022-02-25 17:19:17,736 INFO 30250 [egg-schedule]: register schedule /Users/lruler/Desktop/222/node_modules/egg-logrotator/app/schedule/rotate_by_file.js
2022-02-25 17:19:38,178 INFO 30255 [egg-schedule]: register schedule /Users/lruler/Desktop/222/node_modules/egg-multipart/app/schedule/clean_tmpdir.js
2022-02-25 17:19:38,178 INFO 30255 [egg-schedule]: register schedule /Users/lruler/Desktop/222/node_modules/egg-logrotator/app/schedule/clean_log.js
2022-02-25 17:19:38,178 INFO 30255 [egg-schedule]: register schedule /Users/lruler/Desktop/222/node_modules/egg-logrotator/app/schedule/rotate_by_file.js
2022-02-25 17:20:10,758 INFO 30273 [egg-schedule]: register schedule /Users/lruler/Desktop/222/node_modules/egg-multipart/app/schedule/clean_tmpdir.js
2022-02-25 17:20:10,758 INFO 30273 [egg-schedule]: register schedule /Users/lruler/Desktop/222/node_modules/egg-logrotator/app/schedule/clean_log.js
2022-02-25 17:20:10,758 INFO 30273 [egg-schedule]: register schedule /Users/lruler/Desktop/222/node_modules/egg-logrotator/app/schedule/rotate_by_file.js
2022-02-25 17:20:20,212 INFO 30280 [egg-schedule]: register schedule /Users/lruler/Desktop/222/node_modules/egg-multipart/app/schedule/clean_tmpdir.js
2022-02-25 17:20:20,212 INFO 30280 [egg-schedule]: register schedule /Users/lruler/Desktop/222/node_modules/egg-logrotator/app/schedule/clean_log.js
2022-02-25 17:20:20,213 INFO 30280 [egg-schedule]: register schedule /Users/lruler/Desktop/222/node_modules/egg-logrotator/app/schedule/rotate_by_file.js
2022-02-25 17:24:54,394 INFO 30470 [egg-schedule]: register schedule /Users/lruler/Desktop/222/node_modules/egg-multipart/app/schedule/clean_tmpdir.js
2022-02-25 17:24:54,394 INFO 30470 [egg-schedule]: register schedule /Users/lruler/Desktop/222/node_modules/egg-logrotator/app/schedule/clean_log.js
2022-02-25 17:24:54,394 INFO 30470 [egg-schedule]: register schedule /Users/lruler/Desktop/222/node_modules/egg-logrotator/app/schedule/rotate_by_file.js
2022-02-25 17:29:36,012 INFO 30542 [egg-schedule]: register schedule /Users/lruler/Desktop/222/node_modules/egg-multipart/app/schedule/clean_tmpdir.js
2022-02-25 17:29:36,012 INFO 30542 [egg-schedule]: register schedule /Users/lruler/Desktop/222/node_modules/egg-logrotator/app/schedule/clean_log.js
2022-02-25 17:29:36,012 INFO 30542 [egg-schedule]: register schedule /Users/lruler/Desktop/222/node_modules/egg-logrotator/app/schedule/rotate_by_file.js
2022-02-25 17:29:55,554 INFO 30555 [egg-schedule]: register schedule /Users/lruler/Desktop/222/node_modules/egg-multipart/app/schedule/clean_tmpdir.js
2022-02-25 17:29:55,554 INFO 30555 [egg-schedule]: register schedule /Users/lruler/Desktop/222/node_modules/egg-logrotator/app/schedule/clean_log.js
2022-02-25 17:29:55,554 INFO 30555 [egg-schedule]: register schedule /Users/lruler/Desktop/222/node_modules/egg-logrotator/app/schedule/rotate_by_file.js
2022-02-25 17:29:59,876 INFO 30556 [egg-schedule]: register schedule /Users/lruler/Desktop/222/node_modules/egg-multipart/app/schedule/clean_tmpdir.js
2022-02-25 17:29:59,876 INFO 30556 [egg-schedule]: register schedule /Users/lruler/Desktop/222/node_modules/egg-logrotator/app/schedule/clean_log.js
2022-02-25 17:29:59,876 INFO 30556 [egg-schedule]: register schedule /Users/lruler/Desktop/222/node_modules/egg-logrotator/app/schedule/rotate_by_file.js
2022-02-25 17:35:51,131 INFO 30649 [egg-schedule]: register schedule /Users/lruler/Desktop/222/node_modules/egg-multipart/app/schedule/clean_tmpdir.js
2022-02-25 17:35:51,131 INFO 30649 [egg-schedule]: register schedule /Users/lruler/Desktop/222/node_modules/egg-logrotator/app/schedule/clean_log.js
2022-02-25 17:35:51,131 INFO 30649 [egg-schedule]: register schedule /Users/lruler/Desktop/222/node_modules/egg-logrotator/app/schedule/rotate_by_file.js
2022-02-25 17:36:24,934 INFO 30663 [egg-schedule]: register schedule /Users/lruler/Desktop/222/node_modules/egg-multipart/app/schedule/clean_tmpdir.js
2022-02-25 17:36:24,934 INFO 30663 [egg-schedule]: register schedule /Users/lruler/Desktop/222/node_modules/egg-logrotator/app/schedule/clean_log.js
2022-02-25 17:36:24,934 INFO 30663 [egg-schedule]: register schedule /Users/lruler/Desktop/222/node_modules/egg-logrotator/app/schedule/rotate_by_file.js
2022-02-25 17:36:55,776 INFO 30675 [egg-schedule]: register schedule /Users/lruler/Desktop/222/node_modules/egg-multipart/app/schedule/clean_tmpdir.js
2022-02-25 17:36:55,776 INFO 30675 [egg-schedule]: register schedule /Users/lruler/Desktop/222/node_modules/egg-logrotator/app/schedule/clean_log.js
2022-02-25 17:36:55,777 INFO 30675 [egg-schedule]: register schedule /Users/lruler/Desktop/222/node_modules/egg-logrotator/app/schedule/rotate_by_file.js
2022-02-25 17:38:34,573 INFO 30741 [egg-schedule]: register schedule /Users/lruler/Desktop/222/node_modules/egg-multipart/app/schedule/clean_tmpdir.js
2022-02-25 17:38:34,573 INFO 30741 [egg-schedule]: register schedule /Users/lruler/Desktop/222/node_modules/egg-logrotator/app/schedule/clean_log.js
2022-02-25 17:38:34,573 INFO 30741 [egg-schedule]: register schedule /Users/lruler/Desktop/222/node_modules/egg-logrotator/app/schedule/rotate_by_file.js
2022-02-25 17:38:37,447 INFO 30752 [egg-schedule]: register schedule /Users/lruler/Desktop/222/node_modules/egg-multipart/app/schedule/clean_tmpdir.js
2022-02-25 17:38:37,447 INFO 30752 [egg-schedule]: register schedule /Users/lruler/Desktop/222/node_modules/egg-logrotator/app/schedule/clean_log.js
2022-02-25 17:38:37,447 INFO 30752 [egg-schedule]: register schedule /Users/lruler/Desktop/222/node_modules/egg-logrotator/app/schedule/rotate_by_file.js
2022-02-25 17:40:18,874 INFO 30786 [egg-schedule]: register schedule /Users/lruler/Desktop/222/node_modules/egg-multipart/app/schedule/clean_tmpdir.js
2022-02-25 17:40:18,874 INFO 30786 [egg-schedule]: register schedule /Users/lruler/Desktop/222/node_modules/egg-logrotator/app/schedule/clean_log.js
2022-02-25 17:40:18,874 INFO 30786 [egg-schedule]: register schedule /Users/lruler/Desktop/222/node_modules/egg-logrotator/app/schedule/rotate_by_file.js
2022-02-25 17:41:07,211 INFO 30804 [egg-schedule]: register schedule /Users/lruler/Desktop/222/node_modules/egg-multipart/app/schedule/clean_tmpdir.js
2022-02-25 17:41:07,211 INFO 30804 [egg-schedule]: register schedule /Users/lruler/Desktop/222/node_modules/egg-logrotator/app/schedule/clean_log.js
2022-02-25 17:41:07,211 INFO 30804 [egg-schedule]: register schedule /Users/lruler/Desktop/222/node_modules/egg-logrotator/app/schedule/rotate_by_file.js
2022-02-25 17:42:38,587 INFO 30830 [egg-schedule]: register schedule /Users/lruler/Desktop/222/node_modules/egg-multipart/app/schedule/clean_tmpdir.js
2022-02-25 17:42:38,587 INFO 30830 [egg-schedule]: register schedule /Users/lruler/Desktop/222/node_modules/egg-logrotator/app/schedule/clean_log.js
2022-02-25 17:42:38,587 INFO 30830 [egg-schedule]: register schedule /Users/lruler/Desktop/222/node_modules/egg-logrotator/app/schedule/rotate_by_file.js
2022-02-25 17:44:26,115 INFO 30869 [egg-schedule]: register schedule /Users/lruler/Desktop/222/node_modules/egg-multipart/app/schedule/clean_tmpdir.js
2022-02-25 17:44:26,115 INFO 30869 [egg-schedule]: register schedule /Users/lruler/Desktop/222/node_modules/egg-logrotator/app/schedule/clean_log.js
2022-02-25 17:44:26,115 INFO 30869 [egg-schedule]: register schedule /Users/lruler/Desktop/222/node_modules/egg-logrotator/app/schedule/rotate_by_file.js
2022-02-25 17:45:44,783 INFO 30900 [egg-schedule]: register schedule /Users/lruler/Desktop/222/node_modules/egg-multipart/app/schedule/clean_tmpdir.js
2022-02-25 17:45:44,783 INFO 30900 [egg-schedule]: register schedule /Users/lruler/Desktop/222/node_modules/egg-logrotator/app/schedule/clean_log.js
2022-02-25 17:45:44,783 INFO 30900 [egg-schedule]: register schedule /Users/lruler/Desktop/222/node_modules/egg-logrotator/app/schedule/rotate_by_file.js
2022-02-25 17:46:43,041 INFO 30952 [egg-schedule]: register schedule /Users/lruler/Desktop/222/node_modules/egg-multipart/app/schedule/clean_tmpdir.js
2022-02-25 17:46:43,041 INFO 30952 [egg-schedule]: register schedule /Users/lruler/Desktop/222/node_modules/egg-logrotator/app/schedule/clean_log.js
2022-02-25 17:46:43,041 INFO 30952 [egg-schedule]: register schedule /Users/lruler/Desktop/222/node_modules/egg-logrotator/app/schedule/rotate_by_file.js
2022-02-25 17:47:04,154 INFO 30971 [egg-schedule]: register schedule /Users/lruler/Desktop/222/node_modules/egg-multipart/app/schedule/clean_tmpdir.js
2022-02-25 17:47:04,154 INFO 30971 [egg-schedule]: register schedule /Users/lruler/Desktop/222/node_modules/egg-logrotator/app/schedule/clean_log.js
2022-02-25 17:47:04,154 INFO 30971 [egg-schedule]: register schedule /Users/lruler/Desktop/222/node_modules/egg-logrotator/app/schedule/rotate_by_file.js
2022-02-25 17:48:07,397 INFO 30995 [egg-schedule]: register schedule /Users/lruler/Desktop/222/node_modules/egg-multipart/app/schedule/clean_tmpdir.js
2022-02-25 17:48:07,397 INFO 30995 [egg-schedule]: register schedule /Users/lruler/Desktop/222/node_modules/egg-logrotator/app/schedule/clean_log.js
2022-02-25 17:48:07,398 INFO 30995 [egg-schedule]: register schedule /Users/lruler/Desktop/222/node_modules/egg-logrotator/app/schedule/rotate_by_file.js
2022-02-25 17:48:08,443 INFO 30997 [egg-schedule]: register schedule /Users/lruler/Desktop/222/node_modules/egg-multipart/app/schedule/clean_tmpdir.js
2022-02-25 17:48:08,443 INFO 30997 [egg-schedule]: register schedule /Users/lruler/Desktop/222/node_modules/egg-logrotator/app/schedule/clean_log.js
2022-02-25 17:48:08,443 INFO 30997 [egg-schedule]: register schedule /Users/lruler/Desktop/222/node_modules/egg-logrotator/app/schedule/rotate_by_file.js
2022-02-25 17:49:27,331 INFO 31042 [egg-schedule]: register schedule /Users/lruler/Desktop/222/node_modules/egg-multipart/app/schedule/clean_tmpdir.js
2022-02-25 17:49:27,331 INFO 31042 [egg-schedule]: register schedule /Users/lruler/Desktop/222/node_modules/egg-logrotator/app/schedule/clean_log.js
2022-02-25 17:49:27,331 INFO 31042 [egg-schedule]: register schedule /Users/lruler/Desktop/222/node_modules/egg-logrotator/app/schedule/rotate_by_file.js
2022-02-25 18:02:55,458 INFO 31953 [egg-schedule]: register schedule /Users/lruler/Desktop/222/node_modules/egg-multipart/app/schedule/clean_tmpdir.js
2022-02-25 18:02:55,458 INFO 31953 [egg-schedule]: register schedule /Users/lruler/Desktop/222/node_modules/egg-logrotator/app/schedule/clean_log.js
2022-02-25 18:02:55,459 INFO 31953 [egg-schedule]: register schedule /Users/lruler/Desktop/222/node_modules/egg-logrotator/app/schedule/rotate_by_file.js
2022-02-25 18:03:43,263 INFO 31972 [egg-schedule]: register schedule /Users/lruler/Desktop/222/node_modules/egg-multipart/app/schedule/clean_tmpdir.js
2022-02-25 18:03:43,263 INFO 31972 [egg-schedule]: register schedule /Users/lruler/Desktop/222/node_modules/egg-logrotator/app/schedule/clean_log.js
2022-02-25 18:03:43,263 INFO 31972 [egg-schedule]: register schedule /Users/lruler/Desktop/222/node_modules/egg-logrotator/app/schedule/rotate_by_file.js
2022-02-25 18:52:33,422 INFO 32205 [egg-schedule]: register schedule /Users/lruler/Desktop/222/node_modules/egg-multipart/app/schedule/clean_tmpdir.js
2022-02-25 18:52:33,422 INFO 32205 [egg-schedule]: register schedule /Users/lruler/Desktop/222/node_modules/egg-logrotator/app/schedule/clean_log.js
2022-02-25 18:52:33,422 INFO 32205 [egg-schedule]: register schedule /Users/lruler/Desktop/222/node_modules/egg-logrotator/app/schedule/rotate_by_file.js
2022-02-25 18:53:02,251 INFO 32220 [egg-schedule]: register schedule /Users/lruler/Desktop/222/node_modules/egg-multipart/app/schedule/clean_tmpdir.js
2022-02-25 18:53:02,251 INFO 32220 [egg-schedule]: register schedule /Users/lruler/Desktop/222/node_modules/egg-logrotator/app/schedule/clean_log.js
2022-02-25 18:53:02,252 INFO 32220 [egg-schedule]: register schedule /Users/lruler/Desktop/222/node_modules/egg-logrotator/app/schedule/rotate_by_file.js
2022-02-25 18:56:15,928 INFO 32282 [egg-schedule]: register schedule /Users/lruler/Desktop/222/node_modules/egg-multipart/app/schedule/clean_tmpdir.js
2022-02-25 18:56:15,928 INFO 32282 [egg-schedule]: register schedule /Users/lruler/Desktop/222/node_modules/egg-logrotator/app/schedule/clean_log.js
2022-02-25 18:56:15,928 INFO 32282 [egg-schedule]: register schedule /Users/lruler/Desktop/222/node_modules/egg-logrotator/app/schedule/rotate_by_file.js
2022-02-25 18:57:24,951 INFO 32325 [egg-schedule]: register schedule /Users/lruler/Desktop/222/node_modules/egg-multipart/app/schedule/clean_tmpdir.js
2022-02-25 18:57:24,951 INFO 32325 [egg-schedule]: register schedule /Users/lruler/Desktop/222/node_modules/egg-logrotator/app/schedule/clean_log.js
2022-02-25 18:57:24,951 INFO 32325 [egg-schedule]: register schedule /Users/lruler/Desktop/222/node_modules/egg-logrotator/app/schedule/rotate_by_file.js
2022-02-25 19:13:06,034 INFO 32484 [egg-schedule]: register schedule /Users/lruler/Desktop/222/node_modules/egg-multipart/app/schedule/clean_tmpdir.js
2022-02-25 19:13:06,034 INFO 32484 [egg-schedule]: register schedule /Users/lruler/Desktop/222/node_modules/egg-logrotator/app/schedule/clean_log.js
2022-02-25 19:13:06,034 INFO 32484 [egg-schedule]: register schedule /Users/lruler/Desktop/222/node_modules/egg-logrotator/app/schedule/rotate_by_file.js
2022-02-25 19:13:14,839 INFO 32492 [egg-schedule]: register schedule /Users/lruler/Desktop/222/node_modules/egg-multipart/app/schedule/clean_tmpdir.js
2022-02-25 19:13:14,839 INFO 32492 [egg-schedule]: register schedule /Users/lruler/Desktop/222/node_modules/egg-logrotator/app/schedule/clean_log.js
2022-02-25 19:13:14,839 INFO 32492 [egg-schedule]: register schedule /Users/lruler/Desktop/222/node_modules/egg-logrotator/app/schedule/rotate_by_file.js
2022-02-25 19:13:41,680 INFO 32497 [egg-schedule]: register schedule /Users/lruler/Desktop/222/node_modules/egg-multipart/app/schedule/clean_tmpdir.js
2022-02-25 19:13:41,680 INFO 32497 [egg-schedule]: register schedule /Users/lruler/Desktop/222/node_modules/egg-logrotator/app/schedule/clean_log.js
2022-02-25 19:13:41,680 INFO 32497 [egg-schedule]: register schedule /Users/lruler/Desktop/222/node_modules/egg-logrotator/app/schedule/rotate_by_file.js
2022-02-25 19:13:48,432 INFO 32500 [egg-schedule]: register schedule /Users/lruler/Desktop/222/node_modules/egg-multipart/app/schedule/clean_tmpdir.js
2022-02-25 19:13:48,432 INFO 32500 [egg-schedule]: register schedule /Users/lruler/Desktop/222/node_modules/egg-logrotator/app/schedule/clean_log.js
2022-02-25 19:13:48,432 INFO 32500 [egg-schedule]: register schedule /Users/lruler/Desktop/222/node_modules/egg-logrotator/app/schedule/rotate_by_file.js
2022-02-25 19:15:02,870 INFO 32522 [egg-schedule]: register schedule /Users/lruler/Desktop/222/node_modules/egg-multipart/app/schedule/clean_tmpdir.js
2022-02-25 19:15:02,870 INFO 32522 [egg-schedule]: register schedule /Users/lruler/Desktop/222/node_modules/egg-logrotator/app/schedule/clean_log.js
2022-02-25 19:15:02,870 INFO 32522 [egg-schedule]: register schedule /Users/lruler/Desktop/222/node_modules/egg-logrotator/app/schedule/rotate_by_file.js
2022-02-25 19:15:21,409 INFO 32535 [egg-schedule]: register schedule /Users/lruler/Desktop/222/node_modules/egg-multipart/app/schedule/clean_tmpdir.js
2022-02-25 19:15:21,409 INFO 32535 [egg-schedule]: register schedule /Users/lruler/Desktop/222/node_modules/egg-logrotator/app/schedule/clean_log.js
2022-02-25 19:15:21,409 INFO 32535 [egg-schedule]: register schedule /Users/lruler/Desktop/222/node_modules/egg-logrotator/app/schedule/rotate_by_file.js
2022-02-25 19:15:26,070 INFO 32545 [egg-schedule]: register schedule /Users/lruler/Desktop/222/node_modules/egg-multipart/app/schedule/clean_tmpdir.js
2022-02-25 19:15:26,070 INFO 32545 [egg-schedule]: register schedule /Users/lruler/Desktop/222/node_modules/egg-logrotator/app/schedule/clean_log.js
2022-02-25 19:15:26,070 INFO 32545 [egg-schedule]: register schedule /Users/lruler/Desktop/222/node_modules/egg-logrotator/app/schedule/rotate_by_file.js
2022-02-25 19:15:29,966 INFO 32546 [egg-schedule]: register schedule /Users/lruler/Desktop/222/node_modules/egg-multipart/app/schedule/clean_tmpdir.js
2022-02-25 19:15:29,966 INFO 32546 [egg-schedule]: register schedule /Users/lruler/Desktop/222/node_modules/egg-logrotator/app/schedule/clean_log.js
2022-02-25 19:15:29,967 INFO 32546 [egg-schedule]: register schedule /Users/lruler/Desktop/222/node_modules/egg-logrotator/app/schedule/rotate_by_file.js
2022-02-25 19:16:02,934 INFO 32559 [egg-schedule]: register schedule /Users/lruler/Desktop/222/node_modules/egg-multipart/app/schedule/clean_tmpdir.js
2022-02-25 19:16:02,934 INFO 32559 [egg-schedule]: register schedule /Users/lruler/Desktop/222/node_modules/egg-logrotator/app/schedule/clean_log.js
2022-02-25 19:16:02,934 INFO 32559 [egg-schedule]: register schedule /Users/lruler/Desktop/222/node_modules/egg-logrotator/app/schedule/rotate_by_file.js
2022-02-25 19:16:08,205 INFO 32561 [egg-schedule]: register schedule /Users/lruler/Desktop/222/node_modules/egg-multipart/app/schedule/clean_tmpdir.js
2022-02-25 19:16:08,205 INFO 32561 [egg-schedule]: register schedule /Users/lruler/Desktop/222/node_modules/egg-logrotator/app/schedule/clean_log.js
2022-02-25 19:16:08,205 INFO 32561 [egg-schedule]: register schedule /Users/lruler/Desktop/222/node_modules/egg-logrotator/app/schedule/rotate_by_file.js
2022-02-25 19:16:17,825 INFO 32566 [egg-schedule]: register schedule /Users/lruler/Desktop/222/node_modules/egg-multipart/app/schedule/clean_tmpdir.js
2022-02-25 19:16:17,825 INFO 32566 [egg-schedule]: register schedule /Users/lruler/Desktop/222/node_modules/egg-logrotator/app/schedule/clean_log.js
2022-02-25 19:16:17,825 INFO 32566 [egg-schedule]: register schedule /Users/lruler/Desktop/222/node_modules/egg-logrotator/app/schedule/rotate_by_file.js
2022-02-25 19:18:34,702 INFO 32616 [egg-schedule]: register schedule /Users/lruler/Desktop/222/node_modules/egg-multipart/app/schedule/clean_tmpdir.js
2022-02-25 19:18:34,702 INFO 32616 [egg-schedule]: register schedule /Users/lruler/Desktop/222/node_modules/egg-logrotator/app/schedule/clean_log.js
2022-02-25 19:18:34,702 INFO 32616 [egg-schedule]: register schedule /Users/lruler/Desktop/222/node_modules/egg-logrotator/app/schedule/rotate_by_file.js
2022-02-25 19:19:47,723 INFO 32668 [egg-schedule]: register schedule /Users/lruler/Desktop/222/node_modules/egg-multipart/app/schedule/clean_tmpdir.js
2022-02-25 19:19:47,723 INFO 32668 [egg-schedule]: register schedule /Users/lruler/Desktop/222/node_modules/egg-logrotator/app/schedule/clean_log.js
2022-02-25 19:19:47,723 INFO 32668 [egg-schedule]: register schedule /Users/lruler/Desktop/222/node_modules/egg-logrotator/app/schedule/rotate_by_file.js
2022-02-25 19:20:07,778 INFO 32673 [egg-schedule]: register schedule /Users/lruler/Desktop/222/node_modules/egg-multipart/app/schedule/clean_tmpdir.js
2022-02-25 19:20:07,778 INFO 32673 [egg-schedule]: register schedule /Users/lruler/Desktop/222/node_modules/egg-logrotator/app/schedule/clean_log.js
2022-02-25 19:20:07,779 INFO 32673 [egg-schedule]: register schedule /Users/lruler/Desktop/222/node_modules/egg-logrotator/app/schedule/rotate_by_file.js
2022-02-25 19:20:35,033 INFO 32681 [egg-schedule]: register schedule /Users/lruler/Desktop/222/node_modules/egg-multipart/app/schedule/clean_tmpdir.js
2022-02-25 19:20:35,033 INFO 32681 [egg-schedule]: register schedule /Users/lruler/Desktop/222/node_modules/egg-logrotator/app/schedule/clean_log.js
2022-02-25 19:20:35,033 INFO 32681 [egg-schedule]: register schedule /Users/lruler/Desktop/222/node_modules/egg-logrotator/app/schedule/rotate_by_file.js
2022-02-25 19:20:36,782 INFO 32683 [egg-schedule]: register schedule /Users/lruler/Desktop/222/node_modules/egg-multipart/app/schedule/clean_tmpdir.js
2022-02-25 19:20:36,782 INFO 32683 [egg-schedule]: register schedule /Users/lruler/Desktop/222/node_modules/egg-logrotator/app/schedule/clean_log.js
2022-02-25 19:20:36,782 INFO 32683 [egg-schedule]: register schedule /Users/lruler/Desktop/222/node_modules/egg-logrotator/app/schedule/rotate_by_file.js
2022-02-25 19:22:45,944 INFO 32711 [egg-schedule]: register schedule /Users/lruler/Desktop/222/node_modules/egg-multipart/app/schedule/clean_tmpdir.js
2022-02-25 19:22:45,944 INFO 32711 [egg-schedule]: register schedule /Users/lruler/Desktop/222/node_modules/egg-logrotator/app/schedule/clean_log.js
2022-02-25 19:22:45,944 INFO 32711 [egg-schedule]: register schedule /Users/lruler/Desktop/222/node_modules/egg-logrotator/app/schedule/rotate_by_file.js
2022-02-25 19:27:57,263 INFO 32977 [Timer] /Users/lruler/Desktop/egg/node_modules/egg-multipart/app/schedule/clean_tmpdir.js next time will execute after 32522738ms at 2022-02-26 04:30:00.001
2022-02-25 19:27:57,264 INFO 32977 [Timer] /Users/lruler/Desktop/egg/node_modules/egg-logrotator/app/schedule/clean_log.js next time will execute after 16322736ms at 2022-02-26 00:00:00.000
2022-02-25 19:27:57,264 INFO 32977 [Timer] /Users/lruler/Desktop/egg/node_modules/egg-logrotator/app/schedule/rotate_by_file.js next time will execute after 16323736ms at 2022-02-26 00:00:01.000
2022-02-25 19:27:57,050 INFO 32978 [egg-schedule]: register schedule /Users/lruler/Desktop/egg/node_modules/egg-multipart/app/schedule/clean_tmpdir.js
2022-02-25 19:27:57,050 INFO 32978 [egg-schedule]: register schedule /Users/lruler/Desktop/egg/node_modules/egg-logrotator/app/schedule/clean_log.js
2022-02-25 19:27:57,050 INFO 32978 [egg-schedule]: register schedule /Users/lruler/Desktop/egg/node_modules/egg-logrotator/app/schedule/rotate_by_file.js
