2022-02-27 11:19:40,299 ERROR 54794 [-/127.0.0.1/-/115ms POST /blog/add] nodejs.P2002Error: 
Invalid `prisma.tags.create()` invocation in
/Users/lruler/Desktop/lruler-blog/be/app/controller/blog.ts:27:30

  24 await Promise.all(blogTags.map(async t => {
  25   const o = await prisma.tags.findUnique({ where: { tag: t.tag } });
  26   if (o) await prisma.tags.update({ where: { tag: o.tag }, data: { count: ++o.count } });
→ 27   else await prisma.tags.create(
  Unique constraint failed on the constraint: `Tags_tag_key`
Invalid `prisma.tags.create()` invocation in
/Users/lruler/Desktop/lruler-blog/be/app/controller/blog.ts:27:30

  24 await Promise.all(blogTags.map(async t => {
  25   const o = await prisma.tags.findUnique({ where: { tag: t.tag } });
  26   if (o) await prisma.tags.update({ where: { tag: o.tag }, data: { count: ++o.count } });
→ 27   else await prisma.tags.create(
  Unique constraint failed on the constraint: `Tags_tag_key`
    at Object.request (/Users/lruler/Desktop/lruler-blog/be/node_modules/@prisma/client/runtime/index.js:39809:15)
    at async PrismaClient._request (/Users/lruler/Desktop/lruler-blog/be/node_modules/@prisma/client/runtime/index.js:40637:18)
    at async /Users/lruler/Desktop/lruler-blog/be/app/controller/blog.ts:27:12
    at async Promise.all (index 0)
    at async BlogController.addBlog (/Users/lruler/Desktop/lruler-blog/be/app/controller/blog.ts:24:5)
    at async /Users/lruler/Desktop/lruler-blog/be/node_modules/egg-development/app/middleware/egg_loader_trace.js:9:50
    at async session (/Users/lruler/Desktop/lruler-blog/be/node_modules/koa-session/index.js:41:7)
    at async bodyParser (/Users/lruler/Desktop/lruler-blog/be/node_modules/koa-bodyparser/index.js:95:5)
    at async /Users/lruler/Desktop/lruler-blog/be/node_modules/koa-static-cache/index.js:39:63
    at async notfound (/Users/lruler/Desktop/lruler-blog/be/node_modules/egg/app/middleware/notfound.js:5:5)
code: "P2002"
clientVersion: "3.10.0"
meta: {"target":"Tags_tag_key"}
name: "P2002Error"
pid: 54794
hostname: liuyuledeMacBook-Pro.local

2022-02-27 11:20:36,853 ERROR 57395 [-/127.0.0.1/-/101ms POST /blog/add] nodejs.P2002Error: 
Invalid `prisma.tags.create()` invocation in
/Users/lruler/Desktop/lruler-blog/be/app/controller/blog.ts:27:30

  24 await Promise.all(blogTags.map(async t => {
  25   const o = await prisma.tags.findUnique({ where: { tag: t.tag } });
  26   if (o) await prisma.tags.update({ where: { tag: o.tag }, data: { count: ++o.count } });
→ 27   else await prisma.tags.create(
  Unique constraint failed on the constraint: `Tags_tag_key`
Invalid `prisma.tags.create()` invocation in
/Users/lruler/Desktop/lruler-blog/be/app/controller/blog.ts:27:30

  24 await Promise.all(blogTags.map(async t => {
  25   const o = await prisma.tags.findUnique({ where: { tag: t.tag } });
  26   if (o) await prisma.tags.update({ where: { tag: o.tag }, data: { count: ++o.count } });
→ 27   else await prisma.tags.create(
  Unique constraint failed on the constraint: `Tags_tag_key`
    at Object.request (/Users/lruler/Desktop/lruler-blog/be/node_modules/@prisma/client/runtime/index.js:39809:15)
    at async PrismaClient._request (/Users/lruler/Desktop/lruler-blog/be/node_modules/@prisma/client/runtime/index.js:40637:18)
    at async /Users/lruler/Desktop/lruler-blog/be/app/controller/blog.ts:27:12
    at async Promise.all (index 0)
    at async BlogController.addBlog (/Users/lruler/Desktop/lruler-blog/be/app/controller/blog.ts:24:5)
    at async /Users/lruler/Desktop/lruler-blog/be/node_modules/egg-development/app/middleware/egg_loader_trace.js:9:50
    at async session (/Users/lruler/Desktop/lruler-blog/be/node_modules/koa-session/index.js:41:7)
    at async bodyParser (/Users/lruler/Desktop/lruler-blog/be/node_modules/koa-bodyparser/index.js:95:5)
    at async /Users/lruler/Desktop/lruler-blog/be/node_modules/koa-static-cache/index.js:39:63
    at async notfound (/Users/lruler/Desktop/lruler-blog/be/node_modules/egg/app/middleware/notfound.js:5:5)
code: "P2002"
clientVersion: "3.10.0"
meta: {"target":"Tags_tag_key"}
name: "P2002Error"
pid: 57395
hostname: liuyuledeMacBook-Pro.local

2022-02-27 11:21:47,207 ERROR 57395 [-/127.0.0.1/-/86ms POST /blog/add] nodejs.P2002Error: 
Invalid `prisma.tags.create()` invocation in
/Users/lruler/Desktop/lruler-blog/be/app/controller/blog.ts:27:30

  24 await Promise.all(blogTags.map(async t => {
  25   const o = await prisma.tags.findUnique({ where: { tag: t.tag } });
  26   if (o) await prisma.tags.update({ where: { tag: o.tag }, data: { count: ++o.count } });
→ 27   else await prisma.tags.create(
  Unique constraint failed on the constraint: `Tags_tag_key`
Invalid `prisma.tags.create()` invocation in
/Users/lruler/Desktop/lruler-blog/be/app/controller/blog.ts:27:30

  24 await Promise.all(blogTags.map(async t => {
  25   const o = await prisma.tags.findUnique({ where: { tag: t.tag } });
  26   if (o) await prisma.tags.update({ where: { tag: o.tag }, data: { count: ++o.count } });
→ 27   else await prisma.tags.create(
  Unique constraint failed on the constraint: `Tags_tag_key`
    at Object.request (/Users/lruler/Desktop/lruler-blog/be/node_modules/@prisma/client/runtime/index.js:39809:15)
    at async PrismaClient._request (/Users/lruler/Desktop/lruler-blog/be/node_modules/@prisma/client/runtime/index.js:40637:18)
    at async /Users/lruler/Desktop/lruler-blog/be/app/controller/blog.ts:27:12
    at async Promise.all (index 0)
    at async BlogController.addBlog (/Users/lruler/Desktop/lruler-blog/be/app/controller/blog.ts:24:5)
    at async /Users/lruler/Desktop/lruler-blog/be/node_modules/egg-development/app/middleware/egg_loader_trace.js:9:50
    at async session (/Users/lruler/Desktop/lruler-blog/be/node_modules/koa-session/index.js:41:7)
    at async bodyParser (/Users/lruler/Desktop/lruler-blog/be/node_modules/koa-bodyparser/index.js:95:5)
    at async /Users/lruler/Desktop/lruler-blog/be/node_modules/koa-static-cache/index.js:39:63
    at async notfound (/Users/lruler/Desktop/lruler-blog/be/node_modules/egg/app/middleware/notfound.js:5:5)
code: "P2002"
clientVersion: "3.10.0"
meta: {"target":"Tags_tag_key"}
name: "P2002Error"
pid: 57395
hostname: liuyuledeMacBook-Pro.local

2022-02-27 11:24:18,070 ERROR 57593 [-/127.0.0.1/-/116ms POST /blog/add] nodejs.P2002Error: 
Invalid `prisma.tags.create()` invocation in
/Users/lruler/Desktop/lruler-blog/be/app/controller/blog.ts:28:30

  25 await Promise.all(blogTags.map(async t => {
  26   const o = await prisma.tags.findUnique({ where: { tag: t.tag } });
  27   if (o) await prisma.tags.update({ where: { tag: o.tag }, data: { count: ++o.count } });
→ 28   else await prisma.tags.create(
  Unique constraint failed on the constraint: `Tags_tag_key`
Invalid `prisma.tags.create()` invocation in
/Users/lruler/Desktop/lruler-blog/be/app/controller/blog.ts:28:30

  25 await Promise.all(blogTags.map(async t => {
  26   const o = await prisma.tags.findUnique({ where: { tag: t.tag } });
  27   if (o) await prisma.tags.update({ where: { tag: o.tag }, data: { count: ++o.count } });
→ 28   else await prisma.tags.create(
  Unique constraint failed on the constraint: `Tags_tag_key`
    at Object.request (/Users/lruler/Desktop/lruler-blog/be/node_modules/@prisma/client/runtime/index.js:39809:15)
    at async PrismaClient._request (/Users/lruler/Desktop/lruler-blog/be/node_modules/@prisma/client/runtime/index.js:40637:18)
    at async /Users/lruler/Desktop/lruler-blog/be/app/controller/blog.ts:28:12
    at async Promise.all (index 0)
    at async BlogController.addBlog (/Users/lruler/Desktop/lruler-blog/be/app/controller/blog.ts:25:5)
    at async /Users/lruler/Desktop/lruler-blog/be/node_modules/egg-development/app/middleware/egg_loader_trace.js:9:50
    at async session (/Users/lruler/Desktop/lruler-blog/be/node_modules/koa-session/index.js:41:7)
    at async bodyParser (/Users/lruler/Desktop/lruler-blog/be/node_modules/koa-bodyparser/index.js:95:5)
    at async /Users/lruler/Desktop/lruler-blog/be/node_modules/koa-static-cache/index.js:39:63
    at async notfound (/Users/lruler/Desktop/lruler-blog/be/node_modules/egg/app/middleware/notfound.js:5:5)
code: "P2002"
clientVersion: "3.10.0"
meta: {"target":"Tags_tag_key"}
name: "P2002Error"
pid: 57593
hostname: liuyuledeMacBook-Pro.local

2022-02-27 11:26:07,660 ERROR 57700 [-/127.0.0.1/-/64ms POST /blog/add] nodejs.P2002Error: 
Invalid `prisma.tags.create()` invocation in
/Users/lruler/Desktop/lruler-blog/be/app/controller/blog.ts:28:30

  25 console.log(t);
  26 const o = await prisma.tags.findUnique({ where: { tag: t.tag } });
  27 if (o) await prisma.tags.update({ where: { tag: o.tag }, data: { count: ++o.count } });
→ 28 else await prisma.tags.create(
  Unique constraint failed on the constraint: `Tags_tag_key`
Invalid `prisma.tags.create()` invocation in
/Users/lruler/Desktop/lruler-blog/be/app/controller/blog.ts:28:30

  25 console.log(t);
  26 const o = await prisma.tags.findUnique({ where: { tag: t.tag } });
  27 if (o) await prisma.tags.update({ where: { tag: o.tag }, data: { count: ++o.count } });
→ 28 else await prisma.tags.create(
  Unique constraint failed on the constraint: `Tags_tag_key`
    at Object.request (/Users/lruler/Desktop/lruler-blog/be/node_modules/@prisma/client/runtime/index.js:39809:15)
    at async PrismaClient._request (/Users/lruler/Desktop/lruler-blog/be/node_modules/@prisma/client/runtime/index.js:40637:18)
    at async /Users/lruler/Desktop/lruler-blog/be/app/controller/blog.ts:28:12
    at async Promise.all (index 0)
    at async BlogController.addBlog (/Users/lruler/Desktop/lruler-blog/be/app/controller/blog.ts:24:5)
    at async /Users/lruler/Desktop/lruler-blog/be/node_modules/egg-development/app/middleware/egg_loader_trace.js:9:50
    at async session (/Users/lruler/Desktop/lruler-blog/be/node_modules/koa-session/index.js:41:7)
    at async bodyParser (/Users/lruler/Desktop/lruler-blog/be/node_modules/koa-bodyparser/index.js:95:5)
    at async /Users/lruler/Desktop/lruler-blog/be/node_modules/koa-static-cache/index.js:39:63
    at async notfound (/Users/lruler/Desktop/lruler-blog/be/node_modules/egg/app/middleware/notfound.js:5:5)
code: "P2002"
clientVersion: "3.10.0"
meta: {"target":"Tags_tag_key"}
name: "P2002Error"
pid: 57700
hostname: liuyuledeMacBook-Pro.local

2022-02-27 11:28:34,945 ERROR 57932 [-/127.0.0.1/-/66ms POST /blog/add] nodejs.P2002Error: 
Invalid `prisma.tags.create()` invocation in
/Users/lruler/Desktop/lruler-blog/be/app/controller/blog.ts:28:30

  25 console.log(t);
  26 const o = await prisma.tags.findUnique({ where: { tag: t.tag } });
  27 if (o) await prisma.tags.update({ where: { tag: o.tag }, data: { count: ++o.count } });
→ 28 else await prisma.tags.create(
  Unique constraint failed on the constraint: `Tags_tag_key`
Invalid `prisma.tags.create()` invocation in
/Users/lruler/Desktop/lruler-blog/be/app/controller/blog.ts:28:30

  25 console.log(t);
  26 const o = await prisma.tags.findUnique({ where: { tag: t.tag } });
  27 if (o) await prisma.tags.update({ where: { tag: o.tag }, data: { count: ++o.count } });
→ 28 else await prisma.tags.create(
  Unique constraint failed on the constraint: `Tags_tag_key`
    at Object.request (/Users/lruler/Desktop/lruler-blog/be/node_modules/@prisma/client/runtime/index.js:39809:15)
    at async PrismaClient._request (/Users/lruler/Desktop/lruler-blog/be/node_modules/@prisma/client/runtime/index.js:40637:18)
    at async /Users/lruler/Desktop/lruler-blog/be/app/controller/blog.ts:28:12
    at async Promise.all (index 0)
    at async BlogController.addBlog (/Users/lruler/Desktop/lruler-blog/be/app/controller/blog.ts:24:5)
    at async /Users/lruler/Desktop/lruler-blog/be/node_modules/egg-development/app/middleware/egg_loader_trace.js:9:50
    at async session (/Users/lruler/Desktop/lruler-blog/be/node_modules/koa-session/index.js:41:7)
    at async bodyParser (/Users/lruler/Desktop/lruler-blog/be/node_modules/koa-bodyparser/index.js:95:5)
    at async /Users/lruler/Desktop/lruler-blog/be/node_modules/koa-static-cache/index.js:39:63
    at async notfound (/Users/lruler/Desktop/lruler-blog/be/node_modules/egg/app/middleware/notfound.js:5:5)
code: "P2002"
clientVersion: "3.10.0"
meta: {"target":"Tags_tag_key"}
name: "P2002Error"
pid: 57932
hostname: liuyuledeMacBook-Pro.local

2022-02-27 11:51:34,224 WARN 58515 [-/127.0.0.1/-/7ms POST /blog/upload] nodejs.BadRequestError: Content-Type must be multipart/*
    at Object.throw (/Users/lruler/Desktop/lruler-blog/be/node_modules/koa/lib/context.js:97:11)
    at Object.multipart (/Users/lruler/Desktop/lruler-blog/be/node_modules/egg-multipart/app/extend/context.js:179:17)
    at Object.getFileStream (/Users/lruler/Desktop/lruler-blog/be/node_modules/egg-multipart/app/extend/context.js:227:24)
    at BlogController.uploadImg (/Users/lruler/Desktop/lruler-blog/be/app/controller/blog.ts:63:30)
    at Object.callFn (/Users/lruler/Desktop/lruler-blog/be/node_modules/egg-core/lib/utils/index.js:44:21)
    at Object.classControllerMiddleware (/Users/lruler/Desktop/lruler-blog/be/node_modules/egg-core/lib/loader/mixin/controller.js:87:20)
    at Object.callFn (/Users/lruler/Desktop/lruler-blog/be/node_modules/@eggjs/router/lib/utils.js:12:21)
    at wrappedController (/Users/lruler/Desktop/lruler-blog/be/node_modules/@eggjs/router/lib/egg_router.js:322:18)
    at dispatch (/Users/lruler/Desktop/lruler-blog/be/node_modules/@eggjs/router/node_modules/koa-compose/index.js:44:32)
    at next (/Users/lruler/Desktop/lruler-blog/be/node_modules/@eggjs/router/node_modules/koa-compose/index.js:45:18)
message: "Content-Type must be multipart/*"
pid: 58515
hostname: liuyuledeMacBook-Pro.local

2022-02-27 11:53:53,980 ERROR 58515 [-/127.0.0.1/-/47ms POST /blog/upload] nodejs.TypeError: the multipart request can't be consumed twice
    at Object.multipart (/Users/lruler/Desktop/lruler-blog/be/node_modules/egg-multipart/app/extend/context.js:181:35)
    at Object.getFileStream (/Users/lruler/Desktop/lruler-blog/be/node_modules/egg-multipart/app/extend/context.js:227:24)
    at BlogController.uploadImg (/Users/lruler/Desktop/lruler-blog/be/app/controller/blog.ts:63:30)
    at Object.callFn (/Users/lruler/Desktop/lruler-blog/be/node_modules/egg-core/lib/utils/index.js:44:21)
    at Object.classControllerMiddleware (/Users/lruler/Desktop/lruler-blog/be/node_modules/egg-core/lib/loader/mixin/controller.js:87:20)
    at Object.callFn (/Users/lruler/Desktop/lruler-blog/be/node_modules/@eggjs/router/lib/utils.js:12:21)
    at wrappedController (/Users/lruler/Desktop/lruler-blog/be/node_modules/@eggjs/router/lib/egg_router.js:322:18)
    at dispatch (/Users/lruler/Desktop/lruler-blog/be/node_modules/@eggjs/router/node_modules/koa-compose/index.js:44:32)
    at next (/Users/lruler/Desktop/lruler-blog/be/node_modules/@eggjs/router/node_modules/koa-compose/index.js:45:18)
    at /Users/lruler/Desktop/lruler-blog/be/node_modules/@eggjs/router/lib/router.js:186:18

pid: 58515
hostname: liuyuledeMacBook-Pro.local

2022-02-27 11:54:39,572 ERROR 58515 [-/127.0.0.1/-/20ms POST /blog/upload] nodejs.TypeError: the multipart request can't be consumed twice
    at Object.multipart (/Users/lruler/Desktop/lruler-blog/be/node_modules/egg-multipart/app/extend/context.js:181:35)
    at Object.getFileStream (/Users/lruler/Desktop/lruler-blog/be/node_modules/egg-multipart/app/extend/context.js:227:24)
    at BlogController.uploadImg (/Users/lruler/Desktop/lruler-blog/be/app/controller/blog.ts:63:30)
    at Object.callFn (/Users/lruler/Desktop/lruler-blog/be/node_modules/egg-core/lib/utils/index.js:44:21)
    at Object.classControllerMiddleware (/Users/lruler/Desktop/lruler-blog/be/node_modules/egg-core/lib/loader/mixin/controller.js:87:20)
    at Object.callFn (/Users/lruler/Desktop/lruler-blog/be/node_modules/@eggjs/router/lib/utils.js:12:21)
    at wrappedController (/Users/lruler/Desktop/lruler-blog/be/node_modules/@eggjs/router/lib/egg_router.js:322:18)
    at dispatch (/Users/lruler/Desktop/lruler-blog/be/node_modules/@eggjs/router/node_modules/koa-compose/index.js:44:32)
    at next (/Users/lruler/Desktop/lruler-blog/be/node_modules/@eggjs/router/node_modules/koa-compose/index.js:45:18)
    at /Users/lruler/Desktop/lruler-blog/be/node_modules/@eggjs/router/lib/router.js:186:18

pid: 58515
hostname: liuyuledeMacBook-Pro.local

2022-02-27 11:55:24,285 ERROR 58515 [-/127.0.0.1/-/20ms POST /blog/upload] nodejs.TypeError: the multipart request can't be consumed twice
    at Object.multipart (/Users/lruler/Desktop/lruler-blog/be/node_modules/egg-multipart/app/extend/context.js:181:35)
    at Object.getFileStream (/Users/lruler/Desktop/lruler-blog/be/node_modules/egg-multipart/app/extend/context.js:227:24)
    at BlogController.uploadImg (/Users/lruler/Desktop/lruler-blog/be/app/controller/blog.ts:63:30)
    at Object.callFn (/Users/lruler/Desktop/lruler-blog/be/node_modules/egg-core/lib/utils/index.js:44:21)
    at Object.classControllerMiddleware (/Users/lruler/Desktop/lruler-blog/be/node_modules/egg-core/lib/loader/mixin/controller.js:87:20)
    at Object.callFn (/Users/lruler/Desktop/lruler-blog/be/node_modules/@eggjs/router/lib/utils.js:12:21)
    at wrappedController (/Users/lruler/Desktop/lruler-blog/be/node_modules/@eggjs/router/lib/egg_router.js:322:18)
    at dispatch (/Users/lruler/Desktop/lruler-blog/be/node_modules/@eggjs/router/node_modules/koa-compose/index.js:44:32)
    at next (/Users/lruler/Desktop/lruler-blog/be/node_modules/@eggjs/router/node_modules/koa-compose/index.js:45:18)
    at /Users/lruler/Desktop/lruler-blog/be/node_modules/@eggjs/router/lib/router.js:186:18

pid: 58515
hostname: liuyuledeMacBook-Pro.local

2022-02-27 11:59:40,477 WARN 58771 [-/127.0.0.1/-/5ms POST /blog/upload] nodejs.BadRequestError: Content-Type must be multipart/*
    at Object.throw (/Users/lruler/Desktop/lruler-blog/be/node_modules/koa/lib/context.js:97:11)
    at Object.multipart (/Users/lruler/Desktop/lruler-blog/be/node_modules/egg-multipart/app/extend/context.js:179:17)
    at Object.getFileStream (/Users/lruler/Desktop/lruler-blog/be/node_modules/egg-multipart/app/extend/context.js:227:24)
    at BlogController.uploadImg (/Users/lruler/Desktop/lruler-blog/be/app/controller/blog.ts:63:30)
    at Object.callFn (/Users/lruler/Desktop/lruler-blog/be/node_modules/egg-core/lib/utils/index.js:44:21)
    at Object.classControllerMiddleware (/Users/lruler/Desktop/lruler-blog/be/node_modules/egg-core/lib/loader/mixin/controller.js:87:20)
    at Object.callFn (/Users/lruler/Desktop/lruler-blog/be/node_modules/@eggjs/router/lib/utils.js:12:21)
    at wrappedController (/Users/lruler/Desktop/lruler-blog/be/node_modules/@eggjs/router/lib/egg_router.js:322:18)
    at dispatch (/Users/lruler/Desktop/lruler-blog/be/node_modules/@eggjs/router/node_modules/koa-compose/index.js:44:32)
    at next (/Users/lruler/Desktop/lruler-blog/be/node_modules/@eggjs/router/node_modules/koa-compose/index.js:45:18)
message: "Content-Type must be multipart/*"
pid: 58771
hostname: liuyuledeMacBook-Pro.local

