2022-02-27 04:44:06,539 INFO 54794 [Job#164590824653411820456463348751] /Users/lruler/Desktop/lruler-blog/be/node_modules/egg-multipart/app/schedule/clean_tmpdir.js executing by app
2022-02-27 04:44:06,601 INFO 54794 [Job#164590824653411820456463348751] /Users/lruler/Desktop/lruler-blog/be/node_modules/egg-multipart/app/schedule/clean_tmpdir.js execute succeed, used 62ms. 
2022-02-27 04:44:06,541 INFO 54792 [Timer] /Users/lruler/Desktop/lruler-blog/be/node_modules/egg-multipart/app/schedule/clean_tmpdir.js next time will execute after 85553466ms at 2022-02-28 04:30:00.007
2022-02-27 11:20:33,794 INFO 57395 [egg-schedule]: register schedule /Users/lruler/Desktop/lruler-blog/be/node_modules/egg-multipart/app/schedule/clean_tmpdir.js
2022-02-27 11:20:33,794 INFO 57395 [egg-schedule]: register schedule /Users/lruler/Desktop/lruler-blog/be/node_modules/egg-logrotator/app/schedule/clean_log.js
2022-02-27 11:20:33,794 INFO 57395 [egg-schedule]: register schedule /Users/lruler/Desktop/lruler-blog/be/node_modules/egg-logrotator/app/schedule/rotate_by_file.js
2022-02-27 11:20:34,041 INFO 57393 [Timer] /Users/lruler/Desktop/lruler-blog/be/node_modules/egg-multipart/app/schedule/clean_tmpdir.js next time will execute after 61765963ms at 2022-02-28 04:30:00.004
2022-02-27 11:20:34,042 INFO 57393 [Timer] /Users/lruler/Desktop/lruler-blog/be/node_modules/egg-logrotator/app/schedule/clean_log.js next time will execute after 45565958ms at 2022-02-28 00:00:00.000
2022-02-27 11:20:34,043 INFO 57393 [Timer] /Users/lruler/Desktop/lruler-blog/be/node_modules/egg-logrotator/app/schedule/rotate_by_file.js next time will execute after 45566958ms at 2022-02-28 00:00:01.001
2022-02-27 11:24:16,404 INFO 57593 [egg-schedule]: register schedule /Users/lruler/Desktop/lruler-blog/be/node_modules/egg-multipart/app/schedule/clean_tmpdir.js
2022-02-27 11:24:16,404 INFO 57593 [egg-schedule]: register schedule /Users/lruler/Desktop/lruler-blog/be/node_modules/egg-logrotator/app/schedule/clean_log.js
2022-02-27 11:24:16,404 INFO 57593 [egg-schedule]: register schedule /Users/lruler/Desktop/lruler-blog/be/node_modules/egg-logrotator/app/schedule/rotate_by_file.js
2022-02-27 11:25:55,410 INFO 57665 [egg-schedule]: register schedule /Users/lruler/Desktop/lruler-blog/be/node_modules/egg-multipart/app/schedule/clean_tmpdir.js
2022-02-27 11:25:55,410 INFO 57665 [egg-schedule]: register schedule /Users/lruler/Desktop/lruler-blog/be/node_modules/egg-logrotator/app/schedule/clean_log.js
2022-02-27 11:25:55,411 INFO 57665 [egg-schedule]: register schedule /Users/lruler/Desktop/lruler-blog/be/node_modules/egg-logrotator/app/schedule/rotate_by_file.js
2022-02-27 11:26:03,033 INFO 57700 [egg-schedule]: register schedule /Users/lruler/Desktop/lruler-blog/be/node_modules/egg-multipart/app/schedule/clean_tmpdir.js
2022-02-27 11:26:03,033 INFO 57700 [egg-schedule]: register schedule /Users/lruler/Desktop/lruler-blog/be/node_modules/egg-logrotator/app/schedule/clean_log.js
2022-02-27 11:26:03,033 INFO 57700 [egg-schedule]: register schedule /Users/lruler/Desktop/lruler-blog/be/node_modules/egg-logrotator/app/schedule/rotate_by_file.js
2022-02-27 11:27:54,570 INFO 57892 [egg-schedule]: register schedule /Users/lruler/Desktop/lruler-blog/be/node_modules/egg-multipart/app/schedule/clean_tmpdir.js
2022-02-27 11:27:54,570 INFO 57892 [egg-schedule]: register schedule /Users/lruler/Desktop/lruler-blog/be/node_modules/egg-logrotator/app/schedule/clean_log.js
2022-02-27 11:27:54,570 INFO 57892 [egg-schedule]: register schedule /Users/lruler/Desktop/lruler-blog/be/node_modules/egg-logrotator/app/schedule/rotate_by_file.js
2022-02-27 11:28:33,366 INFO 57932 [egg-schedule]: register schedule /Users/lruler/Desktop/lruler-blog/be/node_modules/egg-multipart/app/schedule/clean_tmpdir.js
2022-02-27 11:28:33,366 INFO 57932 [egg-schedule]: register schedule /Users/lruler/Desktop/lruler-blog/be/node_modules/egg-logrotator/app/schedule/clean_log.js
2022-02-27 11:28:33,366 INFO 57932 [egg-schedule]: register schedule /Users/lruler/Desktop/lruler-blog/be/node_modules/egg-logrotator/app/schedule/rotate_by_file.js
2022-02-27 11:32:06,730 INFO 58032 [egg-schedule]: register schedule /Users/lruler/Desktop/lruler-blog/be/node_modules/egg-multipart/app/schedule/clean_tmpdir.js
2022-02-27 11:32:06,730 INFO 58032 [egg-schedule]: register schedule /Users/lruler/Desktop/lruler-blog/be/node_modules/egg-logrotator/app/schedule/clean_log.js
2022-02-27 11:32:06,730 INFO 58032 [egg-schedule]: register schedule /Users/lruler/Desktop/lruler-blog/be/node_modules/egg-logrotator/app/schedule/rotate_by_file.js
2022-02-27 11:48:17,912 INFO 58368 [egg-schedule]: register schedule /Users/lruler/Desktop/lruler-blog/be/node_modules/egg-multipart/app/schedule/clean_tmpdir.js
2022-02-27 11:48:17,912 INFO 58368 [egg-schedule]: register schedule /Users/lruler/Desktop/lruler-blog/be/node_modules/egg-logrotator/app/schedule/clean_log.js
2022-02-27 11:48:17,912 INFO 58368 [egg-schedule]: register schedule /Users/lruler/Desktop/lruler-blog/be/node_modules/egg-logrotator/app/schedule/rotate_by_file.js
2022-02-27 11:51:32,829 INFO 58515 [egg-schedule]: register schedule /Users/lruler/Desktop/lruler-blog/be/node_modules/egg-multipart/app/schedule/clean_tmpdir.js
2022-02-27 11:51:32,829 INFO 58515 [egg-schedule]: register schedule /Users/lruler/Desktop/lruler-blog/be/node_modules/egg-logrotator/app/schedule/clean_log.js
2022-02-27 11:51:32,829 INFO 58515 [egg-schedule]: register schedule /Users/lruler/Desktop/lruler-blog/be/node_modules/egg-logrotator/app/schedule/rotate_by_file.js
2022-02-27 11:59:32,149 INFO 58737 [egg-schedule]: register schedule /Users/lruler/Desktop/lruler-blog/be/node_modules/egg-multipart/app/schedule/clean_tmpdir.js
2022-02-27 11:59:32,149 INFO 58737 [egg-schedule]: register schedule /Users/lruler/Desktop/lruler-blog/be/node_modules/egg-logrotator/app/schedule/clean_log.js
2022-02-27 11:59:32,150 INFO 58737 [egg-schedule]: register schedule /Users/lruler/Desktop/lruler-blog/be/node_modules/egg-logrotator/app/schedule/rotate_by_file.js
2022-02-27 11:59:38,792 INFO 58771 [egg-schedule]: register schedule /Users/lruler/Desktop/lruler-blog/be/node_modules/egg-multipart/app/schedule/clean_tmpdir.js
2022-02-27 11:59:38,792 INFO 58771 [egg-schedule]: register schedule /Users/lruler/Desktop/lruler-blog/be/node_modules/egg-logrotator/app/schedule/clean_log.js
2022-02-27 11:59:38,792 INFO 58771 [egg-schedule]: register schedule /Users/lruler/Desktop/lruler-blog/be/node_modules/egg-logrotator/app/schedule/rotate_by_file.js
2022-02-27 12:01:48,881 INFO 58903 [egg-schedule]: register schedule /Users/lruler/Desktop/lruler-blog/be/node_modules/egg-multipart/app/schedule/clean_tmpdir.js
2022-02-27 12:01:48,881 INFO 58903 [egg-schedule]: register schedule /Users/lruler/Desktop/lruler-blog/be/node_modules/egg-logrotator/app/schedule/clean_log.js
2022-02-27 12:01:48,881 INFO 58903 [egg-schedule]: register schedule /Users/lruler/Desktop/lruler-blog/be/node_modules/egg-logrotator/app/schedule/rotate_by_file.js
2022-02-27 12:02:25,261 INFO 58955 [egg-schedule]: register schedule /Users/lruler/Desktop/lruler-blog/be/node_modules/egg-multipart/app/schedule/clean_tmpdir.js
2022-02-27 12:02:25,261 INFO 58955 [egg-schedule]: register schedule /Users/lruler/Desktop/lruler-blog/be/node_modules/egg-logrotator/app/schedule/clean_log.js
2022-02-27 12:02:25,261 INFO 58955 [egg-schedule]: register schedule /Users/lruler/Desktop/lruler-blog/be/node_modules/egg-logrotator/app/schedule/rotate_by_file.js
2022-02-27 12:02:28,094 INFO 58965 [egg-schedule]: register schedule /Users/lruler/Desktop/lruler-blog/be/node_modules/egg-multipart/app/schedule/clean_tmpdir.js
2022-02-27 12:02:28,094 INFO 58965 [egg-schedule]: register schedule /Users/lruler/Desktop/lruler-blog/be/node_modules/egg-logrotator/app/schedule/clean_log.js
2022-02-27 12:02:28,094 INFO 58965 [egg-schedule]: register schedule /Users/lruler/Desktop/lruler-blog/be/node_modules/egg-logrotator/app/schedule/rotate_by_file.js
2022-02-27 12:02:39,314 INFO 58992 [egg-schedule]: register schedule /Users/lruler/Desktop/lruler-blog/be/node_modules/egg-multipart/app/schedule/clean_tmpdir.js
2022-02-27 12:02:39,314 INFO 58992 [egg-schedule]: register schedule /Users/lruler/Desktop/lruler-blog/be/node_modules/egg-logrotator/app/schedule/clean_log.js
2022-02-27 12:02:39,314 INFO 58992 [egg-schedule]: register schedule /Users/lruler/Desktop/lruler-blog/be/node_modules/egg-logrotator/app/schedule/rotate_by_file.js
2022-02-27 12:02:40,831 INFO 59010 [egg-schedule]: register schedule /Users/lruler/Desktop/lruler-blog/be/node_modules/egg-multipart/app/schedule/clean_tmpdir.js
2022-02-27 12:02:40,831 INFO 59010 [egg-schedule]: register schedule /Users/lruler/Desktop/lruler-blog/be/node_modules/egg-logrotator/app/schedule/clean_log.js
2022-02-27 12:02:40,831 INFO 59010 [egg-schedule]: register schedule /Users/lruler/Desktop/lruler-blog/be/node_modules/egg-logrotator/app/schedule/rotate_by_file.js
2022-02-27 12:03:19,907 INFO 59045 [egg-schedule]: register schedule /Users/lruler/Desktop/lruler-blog/be/node_modules/egg-multipart/app/schedule/clean_tmpdir.js
2022-02-27 12:03:19,907 INFO 59045 [egg-schedule]: register schedule /Users/lruler/Desktop/lruler-blog/be/node_modules/egg-logrotator/app/schedule/clean_log.js
2022-02-27 12:03:19,907 INFO 59045 [egg-schedule]: register schedule /Users/lruler/Desktop/lruler-blog/be/node_modules/egg-logrotator/app/schedule/rotate_by_file.js
2022-02-27 19:11:56,374 INFO 61824 [egg-schedule]: register schedule /Users/lruler/Desktop/lruler-blog/be/node_modules/egg-multipart/app/schedule/clean_tmpdir.js
2022-02-27 19:11:56,374 INFO 61824 [egg-schedule]: register schedule /Users/lruler/Desktop/lruler-blog/be/node_modules/egg-logrotator/app/schedule/clean_log.js
2022-02-27 19:11:56,374 INFO 61824 [egg-schedule]: register schedule /Users/lruler/Desktop/lruler-blog/be/node_modules/egg-logrotator/app/schedule/rotate_by_file.js
2022-02-27 19:11:57,476 INFO 61825 [egg-schedule]: register schedule /Users/lruler/Desktop/lruler-blog/be/node_modules/egg-multipart/app/schedule/clean_tmpdir.js
2022-02-27 19:11:57,476 INFO 61825 [egg-schedule]: register schedule /Users/lruler/Desktop/lruler-blog/be/node_modules/egg-logrotator/app/schedule/clean_log.js
2022-02-27 19:11:57,476 INFO 61825 [egg-schedule]: register schedule /Users/lruler/Desktop/lruler-blog/be/node_modules/egg-logrotator/app/schedule/rotate_by_file.js
