2022-02-27 00:00:05,017 INFO 54794 [egg-logrotator] app logger reload: got log-reload message
2022-02-27 00:38:30,479 WARN 54794 [TCPBase] socket is closed by other side while there were still unhandled data in the socket buffer
2022-02-27 00:38:30,479 WARN 54794 [ClusterClient:Watcher] follower closed, and try to init it again
2022-02-27 00:53:41,013 WARN 54794 [TCPBase] socket is closed by other side while there were still unhandled data in the socket buffer
2022-02-27 00:53:41,014 WARN 54794 [ClusterClient:Watcher] follower closed, and try to init it again
2022-02-27 01:10:13,705 WARN 54794 [TCPBase] socket is closed by other side while there were still unhandled data in the socket buffer
2022-02-27 01:10:13,705 WARN 54794 [ClusterClient:Watcher] follower closed, and try to init it again
2022-02-27 01:27:04,476 WARN 54794 [TCPBase] socket is closed by other side while there were still unhandled data in the socket buffer
2022-02-27 01:27:04,477 WARN 54794 [ClusterClient:Watcher] follower closed, and try to init it again
2022-02-27 01:43:08,205 WARN 54794 [TCPBase] socket is closed by other side while there were still unhandled data in the socket buffer
2022-02-27 01:43:08,206 WARN 54794 [ClusterClient:Watcher] follower closed, and try to init it again
2022-02-27 01:58:51,890 WARN 54794 [TCPBase] socket is closed by other side while there were still unhandled data in the socket buffer
2022-02-27 01:58:51,890 WARN 54794 [ClusterClient:Watcher] follower closed, and try to init it again
2022-02-27 02:16:24,496 WARN 54794 [TCPBase] socket is closed by other side while there were still unhandled data in the socket buffer
2022-02-27 02:16:24,497 WARN 54794 [ClusterClient:Watcher] follower closed, and try to init it again
2022-02-27 02:32:20,107 WARN 54794 [ClusterClient:Watcher] follower closed, and try to init it again
2022-02-27 02:49:48,818 WARN 54794 [TCPBase] socket is closed by other side while there were still unhandled data in the socket buffer
2022-02-27 02:49:48,818 WARN 54794 [ClusterClient:Watcher] follower closed, and try to init it again
2022-02-27 03:07:22,520 WARN 54794 [TCPBase] socket is closed by other side while there were still unhandled data in the socket buffer
2022-02-27 03:07:22,521 WARN 54794 [ClusterClient:Watcher] follower closed, and try to init it again
2022-02-27 03:23:42,405 WARN 54794 [TCPBase] socket is closed by other side while there were still unhandled data in the socket buffer
2022-02-27 03:23:42,405 WARN 54794 [ClusterClient:Watcher] follower closed, and try to init it again
2022-02-27 03:40:43,175 WARN 54794 [TCPBase] socket is closed by other side while there were still unhandled data in the socket buffer
2022-02-27 03:40:43,175 WARN 54794 [ClusterClient:Watcher] follower closed, and try to init it again
2022-02-27 03:57:57,885 WARN 54794 [TCPBase] socket is closed by other side while there were still unhandled data in the socket buffer
2022-02-27 03:57:57,885 WARN 54794 [ClusterClient:Watcher] follower closed, and try to init it again
2022-02-27 04:12:28,581 WARN 54794 [TCPBase] socket is closed by other side while there were still unhandled data in the socket buffer
2022-02-27 04:12:28,582 WARN 54794 [ClusterClient:Watcher] follower closed, and try to init it again
2022-02-27 04:27:39,833 WARN 54794 [TCPBase] socket is closed by other side while there were still unhandled data in the socket buffer
2022-02-27 04:27:39,834 WARN 54794 [ClusterClient:Watcher] follower closed, and try to init it again
2022-02-27 04:44:06,534 WARN 54794 [TCPBase] socket is closed by other side while there were still unhandled data in the socket buffer
2022-02-27 04:44:06,534 WARN 54794 [ClusterClient:Watcher] follower closed, and try to init it again
2022-02-27 04:44:06,541 INFO 54794 [-/127.0.0.1/-/2ms SCHEDULE /__schedule?path=/Users/lruler/Desktop/lruler-blog/be/node_modules/egg-multipart/app/schedule/clean_tmpdir.js&type=worker&cron=0%2030%204%20*%20*%20*&disable=false&immediate=false] [egg-multipart:CleanTmpdir] start clean tmpdir: "/var/folders/3p/lqx2b9_x5gnfzym8cx90yjxh0000gn/T/egg-multipart-tmp/222"
2022-02-27 04:44:06,553 INFO 54794 [-/127.0.0.1/-/13ms SCHEDULE /__schedule?path=/Users/lruler/Desktop/lruler-blog/be/node_modules/egg-multipart/app/schedule/clean_tmpdir.js&type=worker&cron=0%2030%204%20*%20*%20*&disable=false&immediate=false] [egg-multipart:CleanTmpdir] removing tmpdir: "/var/folders/3p/lqx2b9_x5gnfzym8cx90yjxh0000gn/T/egg-multipart-tmp/222/2022/02/25"
2022-02-27 04:44:06,600 INFO 54794 [-/127.0.0.1/-/61ms SCHEDULE /__schedule?path=/Users/lruler/Desktop/lruler-blog/be/node_modules/egg-multipart/app/schedule/clean_tmpdir.js&type=worker&cron=0%2030%204%20*%20*%20*&disable=false&immediate=false] [egg-multipart:CleanTmpdir:success] tmpdir: "/var/folders/3p/lqx2b9_x5gnfzym8cx90yjxh0000gn/T/egg-multipart-tmp/222/2022/02/25" has been removed
2022-02-27 04:44:06,601 INFO 54794 [-/127.0.0.1/-/62ms SCHEDULE /__schedule?path=/Users/lruler/Desktop/lruler-blog/be/node_modules/egg-multipart/app/schedule/clean_tmpdir.js&type=worker&cron=0%2030%204%20*%20*%20*&disable=false&immediate=false] [egg-multipart:CleanTmpdir] end
2022-02-27 05:00:47,248 WARN 54794 [TCPBase] socket is closed by other side while there were still unhandled data in the socket buffer
2022-02-27 05:00:47,248 WARN 54794 [ClusterClient:Watcher] follower closed, and try to init it again
2022-02-27 05:16:08,958 WARN 54794 [TCPBase] socket is closed by other side while there were still unhandled data in the socket buffer
2022-02-27 05:16:08,958 WARN 54794 [ClusterClient:Watcher] follower closed, and try to init it again
2022-02-27 05:32:33,591 WARN 54794 [TCPBase] socket is closed by other side while there were still unhandled data in the socket buffer
2022-02-27 05:32:33,592 WARN 54794 [ClusterClient:Watcher] follower closed, and try to init it again
2022-02-27 05:47:42,428 WARN 54794 [TCPBase] socket is closed by other side while there were still unhandled data in the socket buffer
2022-02-27 05:47:42,428 WARN 54794 [ClusterClient:Watcher] follower closed, and try to init it again
2022-02-27 06:04:58,091 WARN 54794 [TCPBase] socket is closed by other side while there were still unhandled data in the socket buffer
2022-02-27 06:04:58,091 WARN 54794 [ClusterClient:Watcher] follower closed, and try to init it again
2022-02-27 06:22:35,460 WARN 54794 [TCPBase] socket is closed by other side while there were still unhandled data in the socket buffer
2022-02-27 06:22:35,460 WARN 54794 [ClusterClient:Watcher] follower closed, and try to init it again
2022-02-27 06:39:59,809 WARN 54794 [TCPBase] socket is closed by other side while there were still unhandled data in the socket buffer
2022-02-27 06:39:59,809 WARN 54794 [ClusterClient:Watcher] follower closed, and try to init it again
2022-02-27 06:55:30,478 WARN 54794 [ClusterClient:Watcher] follower closed, and try to init it again
2022-02-27 07:10:54,374 WARN 54794 [TCPBase] socket is closed by other side while there were still unhandled data in the socket buffer
2022-02-27 07:10:54,374 WARN 54794 [ClusterClient:Watcher] follower closed, and try to init it again
2022-02-27 07:26:32,063 WARN 54794 [TCPBase] socket is closed by other side while there were still unhandled data in the socket buffer
2022-02-27 07:26:32,063 WARN 54794 [ClusterClient:Watcher] follower closed, and try to init it again
2022-02-27 07:44:08,766 WARN 54794 [TCPBase] socket is closed by other side while there were still unhandled data in the socket buffer
2022-02-27 07:44:08,767 WARN 54794 [ClusterClient:Watcher] follower closed, and try to init it again
2022-02-27 08:00:21,567 WARN 54794 [TCPBase] socket is closed by other side while there were still unhandled data in the socket buffer
2022-02-27 08:00:21,568 WARN 54794 [ClusterClient:Watcher] follower closed, and try to init it again
2022-02-27 08:17:29,494 WARN 54794 [TCPBase] socket is closed by other side while there were still unhandled data in the socket buffer
2022-02-27 08:17:29,494 WARN 54794 [ClusterClient:Watcher] follower closed, and try to init it again
2022-02-27 08:35:00,212 WARN 54794 [TCPBase] socket is closed by other side while there were still unhandled data in the socket buffer
2022-02-27 08:35:00,213 WARN 54794 [ClusterClient:Watcher] follower closed, and try to init it again
2022-02-27 08:50:10,926 WARN 54794 [TCPBase] socket is closed by other side while there were still unhandled data in the socket buffer
2022-02-27 08:50:10,927 WARN 54794 [ClusterClient:Watcher] follower closed, and try to init it again
2022-02-27 09:06:21,638 WARN 54794 [TCPBase] socket is closed by other side while there were still unhandled data in the socket buffer
2022-02-27 09:06:21,639 WARN 54794 [ClusterClient:Watcher] follower closed, and try to init it again
2022-02-27 09:24:14,325 WARN 54794 [TCPBase] socket is closed by other side while there were still unhandled data in the socket buffer
2022-02-27 09:24:14,325 WARN 54794 [ClusterClient:Watcher] follower closed, and try to init it again
2022-02-27 09:36:16,361 WARN 54794 [TCPBase] socket is closed by other side while there were still unhandled data in the socket buffer
2022-02-27 09:36:16,361 WARN 54794 [ClusterClient:Watcher] follower closed, and try to init it again
2022-02-27 09:49:41,601 WARN 54794 [TCPBase] socket is closed by other side while there were still unhandled data in the socket buffer
2022-02-27 09:49:41,602 WARN 54794 [ClusterClient:Watcher] follower closed, and try to init it again
2022-02-27 09:51:21,752 WARN 54794 [TCPBase] socket is closed by other side while there were still unhandled data in the socket buffer
2022-02-27 09:51:21,752 WARN 54794 [ClusterClient:Watcher] follower closed, and try to init it again
2022-02-27 10:08:04,025 WARN 54794 [TCPBase] socket is closed by other side while there were still unhandled data in the socket buffer
2022-02-27 10:08:04,026 WARN 54794 [ClusterClient:Watcher] follower closed, and try to init it again
2022-02-27 10:25:01,757 WARN 54794 [TCPBase] socket is closed by other side while there were still unhandled data in the socket buffer
2022-02-27 10:25:01,757 WARN 54794 [ClusterClient:Watcher] follower closed, and try to init it again
2022-02-27 10:37:10,073 WARN 54794 [TCPBase] socket is closed by other side while there were still unhandled data in the socket buffer
2022-02-27 10:37:10,073 WARN 54794 [ClusterClient:Watcher] follower closed, and try to init it again
2022-02-27 11:07:19,051 WARN 54794 [TCPBase] socket is closed by other side while there were still unhandled data in the socket buffer
2022-02-27 11:07:19,052 WARN 54794 [ClusterClient:Watcher] follower closed, and try to init it again
2022-02-27 11:20:33,784 INFO 57395 [egg:logger] init all loggers with options: {"dir":"/Users/lruler/Desktop/lruler-blog/be/logs/222","encoding":"utf8","env":"local","level":"INFO","consoleLevel":"INFO","disableConsoleAfterReady":false,"outputJSON":false,"buffer":true,"appLogName":"222-web.log","coreLogName":"egg-web.log","agentLogName":"egg-agent.log","errorLogName":"common-error.log","coreLogger":{"consoleLevel":"WARN"},"allowDebugAtProd":false,"enablePerformanceTimer":false,"type":"application"}
2022-02-27 11:20:33,794 INFO 57395 [egg-multipart] file mode enable
2022-02-27 11:20:33,794 INFO 57395 [egg-multipart] will save temporary files to "/var/folders/3p/lqx2b9_x5gnfzym8cx90yjxh0000gn/T/egg-multipart-tmp/222", cleanup job cron: "0 30 4 * * *"
2022-02-27 11:20:33,837 INFO 57395 [egg-static] starting static serve /public/ -> /Users/lruler/Desktop/lruler-blog/be/app/public
2022-02-27 11:20:34,000 INFO 57395 [egg:core] dump config after load, 3ms
2022-02-27 11:20:34,032 INFO 57395 [egg-watcher:application] watcher start success
2022-02-27 11:20:34,036 INFO 57395 [egg:core] dump config after ready, 3ms
2022-02-27 11:24:16,393 INFO 57593 [egg:logger] init all loggers with options: {"dir":"/Users/lruler/Desktop/lruler-blog/be/logs/222","encoding":"utf8","env":"local","level":"INFO","consoleLevel":"INFO","disableConsoleAfterReady":false,"outputJSON":false,"buffer":true,"appLogName":"222-web.log","coreLogName":"egg-web.log","agentLogName":"egg-agent.log","errorLogName":"common-error.log","coreLogger":{"consoleLevel":"WARN"},"allowDebugAtProd":false,"enablePerformanceTimer":false,"type":"application"}
2022-02-27 11:24:16,404 INFO 57593 [egg-multipart] file mode enable
2022-02-27 11:24:16,404 INFO 57593 [egg-multipart] will save temporary files to "/var/folders/3p/lqx2b9_x5gnfzym8cx90yjxh0000gn/T/egg-multipart-tmp/222", cleanup job cron: "0 30 4 * * *"
2022-02-27 11:24:16,432 INFO 57593 [egg-static] starting static serve /public/ -> /Users/lruler/Desktop/lruler-blog/be/app/public
2022-02-27 11:24:16,598 INFO 57593 [egg:core] dump config after load, 3ms
2022-02-27 11:24:16,620 INFO 57593 [egg-watcher:application] watcher start success
2022-02-27 11:24:16,623 INFO 57593 [egg:core] dump config after ready, 2ms
2022-02-27 11:25:55,400 INFO 57665 [egg:logger] init all loggers with options: {"dir":"/Users/lruler/Desktop/lruler-blog/be/logs/222","encoding":"utf8","env":"local","level":"INFO","consoleLevel":"INFO","disableConsoleAfterReady":false,"outputJSON":false,"buffer":true,"appLogName":"222-web.log","coreLogName":"egg-web.log","agentLogName":"egg-agent.log","errorLogName":"common-error.log","coreLogger":{"consoleLevel":"WARN"},"allowDebugAtProd":false,"enablePerformanceTimer":false,"type":"application"}
2022-02-27 11:25:55,411 INFO 57665 [egg-multipart] file mode enable
2022-02-27 11:25:55,411 INFO 57665 [egg-multipart] will save temporary files to "/var/folders/3p/lqx2b9_x5gnfzym8cx90yjxh0000gn/T/egg-multipart-tmp/222", cleanup job cron: "0 30 4 * * *"
2022-02-27 11:25:55,461 INFO 57665 [egg-static] starting static serve /public/ -> /Users/lruler/Desktop/lruler-blog/be/app/public
2022-02-27 11:25:55,627 INFO 57665 [egg:core] dump config after load, 1ms
2022-02-27 11:25:55,637 INFO 57665 [egg-watcher:application] watcher start success
2022-02-27 11:25:55,640 INFO 57665 [egg:core] dump config after ready, 2ms
2022-02-27 11:26:03,022 INFO 57700 [egg:logger] init all loggers with options: {"dir":"/Users/lruler/Desktop/lruler-blog/be/logs/222","encoding":"utf8","env":"local","level":"INFO","consoleLevel":"INFO","disableConsoleAfterReady":false,"outputJSON":false,"buffer":true,"appLogName":"222-web.log","coreLogName":"egg-web.log","agentLogName":"egg-agent.log","errorLogName":"common-error.log","coreLogger":{"consoleLevel":"WARN"},"allowDebugAtProd":false,"enablePerformanceTimer":false,"type":"application"}
2022-02-27 11:26:03,034 INFO 57700 [egg-multipart] file mode enable
2022-02-27 11:26:03,034 INFO 57700 [egg-multipart] will save temporary files to "/var/folders/3p/lqx2b9_x5gnfzym8cx90yjxh0000gn/T/egg-multipart-tmp/222", cleanup job cron: "0 30 4 * * *"
2022-02-27 11:26:03,074 INFO 57700 [egg-static] starting static serve /public/ -> /Users/lruler/Desktop/lruler-blog/be/app/public
2022-02-27 11:26:03,236 INFO 57700 [egg:core] dump config after load, 2ms
2022-02-27 11:26:03,250 INFO 57700 [egg-watcher:application] watcher start success
2022-02-27 11:26:03,253 INFO 57700 [egg:core] dump config after ready, 2ms
2022-02-27 11:27:54,557 INFO 57892 [egg:logger] init all loggers with options: {"dir":"/Users/lruler/Desktop/lruler-blog/be/logs/222","encoding":"utf8","env":"local","level":"INFO","consoleLevel":"INFO","disableConsoleAfterReady":false,"outputJSON":false,"buffer":true,"appLogName":"222-web.log","coreLogName":"egg-web.log","agentLogName":"egg-agent.log","errorLogName":"common-error.log","coreLogger":{"consoleLevel":"WARN"},"allowDebugAtProd":false,"enablePerformanceTimer":false,"type":"application"}
2022-02-27 11:27:54,570 INFO 57892 [egg-multipart] file mode enable
2022-02-27 11:27:54,570 INFO 57892 [egg-multipart] will save temporary files to "/var/folders/3p/lqx2b9_x5gnfzym8cx90yjxh0000gn/T/egg-multipart-tmp/222", cleanup job cron: "0 30 4 * * *"
2022-02-27 11:27:54,615 INFO 57892 [egg-static] starting static serve /public/ -> /Users/lruler/Desktop/lruler-blog/be/app/public
2022-02-27 11:27:54,773 INFO 57892 [egg:core] dump config after load, 2ms
2022-02-27 11:27:54,784 INFO 57892 [egg-watcher:application] watcher start success
2022-02-27 11:27:54,789 INFO 57892 [egg:core] dump config after ready, 4ms
2022-02-27 11:28:33,355 INFO 57932 [egg:logger] init all loggers with options: {"dir":"/Users/lruler/Desktop/lruler-blog/be/logs/222","encoding":"utf8","env":"local","level":"INFO","consoleLevel":"INFO","disableConsoleAfterReady":false,"outputJSON":false,"buffer":true,"appLogName":"222-web.log","coreLogName":"egg-web.log","agentLogName":"egg-agent.log","errorLogName":"common-error.log","coreLogger":{"consoleLevel":"WARN"},"allowDebugAtProd":false,"enablePerformanceTimer":false,"type":"application"}
2022-02-27 11:28:33,366 INFO 57932 [egg-multipart] file mode enable
2022-02-27 11:28:33,366 INFO 57932 [egg-multipart] will save temporary files to "/var/folders/3p/lqx2b9_x5gnfzym8cx90yjxh0000gn/T/egg-multipart-tmp/222", cleanup job cron: "0 30 4 * * *"
2022-02-27 11:28:33,407 INFO 57932 [egg-static] starting static serve /public/ -> /Users/lruler/Desktop/lruler-blog/be/app/public
2022-02-27 11:28:33,574 INFO 57932 [egg:core] dump config after load, 2ms
2022-02-27 11:28:33,583 INFO 57932 [egg-watcher:application] watcher start success
2022-02-27 11:28:33,585 INFO 57932 [egg:core] dump config after ready, 2ms
2022-02-27 11:32:06,715 INFO 58032 [egg:logger] init all loggers with options: {"dir":"/Users/lruler/Desktop/lruler-blog/be/logs/222","encoding":"utf8","env":"local","level":"INFO","consoleLevel":"INFO","disableConsoleAfterReady":false,"outputJSON":false,"buffer":true,"appLogName":"222-web.log","coreLogName":"egg-web.log","agentLogName":"egg-agent.log","errorLogName":"common-error.log","coreLogger":{"consoleLevel":"WARN"},"allowDebugAtProd":false,"enablePerformanceTimer":false,"type":"application"}
2022-02-27 11:32:06,731 INFO 58032 [egg-multipart] file mode enable
2022-02-27 11:32:06,731 INFO 58032 [egg-multipart] will save temporary files to "/var/folders/3p/lqx2b9_x5gnfzym8cx90yjxh0000gn/T/egg-multipart-tmp/222", cleanup job cron: "0 30 4 * * *"
2022-02-27 11:32:06,773 INFO 58032 [egg-static] starting static serve /public/ -> /Users/lruler/Desktop/lruler-blog/be/app/public
2022-02-27 11:32:06,928 INFO 58032 [egg:core] dump config after load, 2ms
2022-02-27 11:32:06,943 INFO 58032 [egg-watcher:application] watcher start success
2022-02-27 11:32:06,946 INFO 58032 [egg:core] dump config after ready, 2ms
2022-02-27 11:48:17,901 INFO 58368 [egg:logger] init all loggers with options: {"dir":"/Users/lruler/Desktop/lruler-blog/be/logs/222","encoding":"utf8","env":"local","level":"INFO","consoleLevel":"INFO","disableConsoleAfterReady":false,"outputJSON":false,"buffer":true,"appLogName":"222-web.log","coreLogName":"egg-web.log","agentLogName":"egg-agent.log","errorLogName":"common-error.log","coreLogger":{"consoleLevel":"WARN"},"allowDebugAtProd":false,"enablePerformanceTimer":false,"type":"application"}
2022-02-27 11:48:17,912 INFO 58368 [egg-multipart] file mode enable
2022-02-27 11:48:17,912 INFO 58368 [egg-multipart] will save temporary files to "/var/folders/3p/lqx2b9_x5gnfzym8cx90yjxh0000gn/T/egg-multipart-tmp/222", cleanup job cron: "0 30 4 * * *"
2022-02-27 11:48:17,954 INFO 58368 [egg-static] starting static serve /public/ -> /Users/lruler/Desktop/lruler-blog/be/app/public
2022-02-27 11:48:18,136 INFO 58368 [egg:core] dump config after load, 3ms
2022-02-27 11:48:18,167 INFO 58368 [egg-watcher:application] watcher start success
2022-02-27 11:48:18,172 INFO 58368 [egg:core] dump config after ready, 3ms
2022-02-27 11:51:32,817 INFO 58515 [egg:logger] init all loggers with options: {"dir":"/Users/lruler/Desktop/lruler-blog/be/logs/222","encoding":"utf8","env":"local","level":"INFO","consoleLevel":"INFO","disableConsoleAfterReady":false,"outputJSON":false,"buffer":true,"appLogName":"222-web.log","coreLogName":"egg-web.log","agentLogName":"egg-agent.log","errorLogName":"common-error.log","coreLogger":{"consoleLevel":"WARN"},"allowDebugAtProd":false,"enablePerformanceTimer":false,"type":"application"}
2022-02-27 11:51:32,829 INFO 58515 [egg-multipart] file mode enable
2022-02-27 11:51:32,829 INFO 58515 [egg-multipart] will save temporary files to "/var/folders/3p/lqx2b9_x5gnfzym8cx90yjxh0000gn/T/egg-multipart-tmp/222", cleanup job cron: "0 30 4 * * *"
2022-02-27 11:51:32,869 INFO 58515 [egg-static] starting static serve /public/ -> /Users/lruler/Desktop/lruler-blog/be/app/public
2022-02-27 11:51:33,056 INFO 58515 [egg:core] dump config after load, 2ms
2022-02-27 11:51:33,092 INFO 58515 [egg-watcher:application] watcher start success
2022-02-27 11:51:33,097 INFO 58515 [egg:core] dump config after ready, 3ms
2022-02-27 11:59:32,138 INFO 58737 [egg:logger] init all loggers with options: {"dir":"/Users/lruler/Desktop/lruler-blog/be/logs/222","encoding":"utf8","env":"local","level":"INFO","consoleLevel":"INFO","disableConsoleAfterReady":false,"outputJSON":false,"buffer":true,"appLogName":"222-web.log","coreLogName":"egg-web.log","agentLogName":"egg-agent.log","errorLogName":"common-error.log","coreLogger":{"consoleLevel":"WARN"},"allowDebugAtProd":false,"enablePerformanceTimer":false,"type":"application"}
2022-02-27 11:59:32,150 INFO 58737 [egg-multipart] stream mode enable
2022-02-27 11:59:32,193 INFO 58737 [egg-static] starting static serve /public/ -> /Users/lruler/Desktop/lruler-blog/be/app/public
2022-02-27 11:59:32,358 INFO 58737 [egg:core] dump config after load, 3ms
2022-02-27 11:59:32,373 INFO 58737 [egg-watcher:application] watcher start success
2022-02-27 11:59:32,376 INFO 58737 [egg:core] dump config after ready, 2ms
2022-02-27 11:59:38,782 INFO 58771 [egg:logger] init all loggers with options: {"dir":"/Users/lruler/Desktop/lruler-blog/be/logs/222","encoding":"utf8","env":"local","level":"INFO","consoleLevel":"INFO","disableConsoleAfterReady":false,"outputJSON":false,"buffer":true,"appLogName":"222-web.log","coreLogName":"egg-web.log","agentLogName":"egg-agent.log","errorLogName":"common-error.log","coreLogger":{"consoleLevel":"WARN"},"allowDebugAtProd":false,"enablePerformanceTimer":false,"type":"application"}
2022-02-27 11:59:38,793 INFO 58771 [egg-multipart] stream mode enable
2022-02-27 11:59:38,832 INFO 58771 [egg-static] starting static serve /public/ -> /Users/lruler/Desktop/lruler-blog/be/app/public
2022-02-27 11:59:38,985 INFO 58771 [egg:core] dump config after load, 1ms
2022-02-27 11:59:38,993 INFO 58771 [egg-watcher:application] watcher start success
2022-02-27 11:59:38,996 INFO 58771 [egg:core] dump config after ready, 2ms
2022-02-27 12:01:48,870 INFO 58903 [egg:logger] init all loggers with options: {"dir":"/Users/lruler/Desktop/lruler-blog/be/logs/222","encoding":"utf8","env":"local","level":"INFO","consoleLevel":"INFO","disableConsoleAfterReady":false,"outputJSON":false,"buffer":true,"appLogName":"222-web.log","coreLogName":"egg-web.log","agentLogName":"egg-agent.log","errorLogName":"common-error.log","coreLogger":{"consoleLevel":"WARN"},"allowDebugAtProd":false,"enablePerformanceTimer":false,"type":"application"}
2022-02-27 12:01:48,881 INFO 58903 [egg-multipart] stream mode enable
2022-02-27 12:01:48,924 INFO 58903 [egg-static] starting static serve /public/ -> /Users/lruler/Desktop/lruler-blog/be/app/public
2022-02-27 12:01:49,091 INFO 58903 [egg:core] dump config after load, 2ms
2022-02-27 12:01:49,099 INFO 58903 [egg-watcher:application] watcher start success
2022-02-27 12:01:49,103 INFO 58903 [egg:core] dump config after ready, 3ms
2022-02-27 12:02:25,251 INFO 58955 [egg:logger] init all loggers with options: {"dir":"/Users/lruler/Desktop/lruler-blog/be/logs/222","encoding":"utf8","env":"local","level":"INFO","consoleLevel":"INFO","disableConsoleAfterReady":false,"outputJSON":false,"buffer":true,"appLogName":"222-web.log","coreLogName":"egg-web.log","agentLogName":"egg-agent.log","errorLogName":"common-error.log","coreLogger":{"consoleLevel":"WARN"},"allowDebugAtProd":false,"enablePerformanceTimer":false,"type":"application"}
2022-02-27 12:02:25,262 INFO 58955 [egg-multipart] stream mode enable
2022-02-27 12:02:25,299 INFO 58955 [egg-static] starting static serve /public/ -> /Users/lruler/Desktop/lruler-blog/be/app/public
2022-02-27 12:02:25,464 INFO 58955 [egg:core] dump config after load, 1ms
2022-02-27 12:02:25,473 INFO 58955 [egg-watcher:application] watcher start success
2022-02-27 12:02:25,478 INFO 58955 [egg:core] dump config after ready, 5ms
2022-02-27 12:02:28,084 INFO 58965 [egg:logger] init all loggers with options: {"dir":"/Users/lruler/Desktop/lruler-blog/be/logs/222","encoding":"utf8","env":"local","level":"INFO","consoleLevel":"INFO","disableConsoleAfterReady":false,"outputJSON":false,"buffer":true,"appLogName":"222-web.log","coreLogName":"egg-web.log","agentLogName":"egg-agent.log","errorLogName":"common-error.log","coreLogger":{"consoleLevel":"WARN"},"allowDebugAtProd":false,"enablePerformanceTimer":false,"type":"application"}
2022-02-27 12:02:28,094 INFO 58965 [egg-multipart] stream mode enable
2022-02-27 12:02:28,121 INFO 58965 [egg-static] starting static serve /public/ -> /Users/lruler/Desktop/lruler-blog/be/app/public
2022-02-27 12:02:28,280 INFO 58965 [egg:core] dump config after load, 1ms
2022-02-27 12:02:28,289 INFO 58965 [egg-watcher:application] watcher start success
2022-02-27 12:02:28,292 INFO 58965 [egg:core] dump config after ready, 2ms
2022-02-27 12:02:39,301 INFO 58992 [egg:logger] init all loggers with options: {"dir":"/Users/lruler/Desktop/lruler-blog/be/logs/222","encoding":"utf8","env":"local","level":"INFO","consoleLevel":"INFO","disableConsoleAfterReady":false,"outputJSON":false,"buffer":true,"appLogName":"222-web.log","coreLogName":"egg-web.log","agentLogName":"egg-agent.log","errorLogName":"common-error.log","coreLogger":{"consoleLevel":"WARN"},"allowDebugAtProd":false,"enablePerformanceTimer":false,"type":"application"}
2022-02-27 12:02:39,314 INFO 58992 [egg-multipart] stream mode enable
2022-02-27 12:02:39,353 INFO 58992 [egg-static] starting static serve /public/ -> /Users/lruler/Desktop/lruler-blog/be/app/public
2022-02-27 12:02:39,521 INFO 58992 [egg:core] dump config after load, 3ms
2022-02-27 12:02:39,537 INFO 58992 [egg-watcher:application] watcher start success
2022-02-27 12:02:39,543 INFO 58992 [egg:core] dump config after ready, 4ms
2022-02-27 12:02:40,821 INFO 59010 [egg:logger] init all loggers with options: {"dir":"/Users/lruler/Desktop/lruler-blog/be/logs/222","encoding":"utf8","env":"local","level":"INFO","consoleLevel":"INFO","disableConsoleAfterReady":false,"outputJSON":false,"buffer":true,"appLogName":"222-web.log","coreLogName":"egg-web.log","agentLogName":"egg-agent.log","errorLogName":"common-error.log","coreLogger":{"consoleLevel":"WARN"},"allowDebugAtProd":false,"enablePerformanceTimer":false,"type":"application"}
2022-02-27 12:02:40,831 INFO 59010 [egg-multipart] stream mode enable
2022-02-27 12:02:40,858 INFO 59010 [egg-static] starting static serve /public/ -> /Users/lruler/Desktop/lruler-blog/be/app/public
2022-02-27 12:02:41,035 INFO 59010 [egg:core] dump config after load, 2ms
2022-02-27 12:02:41,045 INFO 59010 [egg-watcher:application] watcher start success
2022-02-27 12:02:41,049 INFO 59010 [egg:core] dump config after ready, 3ms
2022-02-27 12:03:19,895 INFO 59045 [egg:logger] init all loggers with options: {"dir":"/Users/lruler/Desktop/lruler-blog/be/logs/222","encoding":"utf8","env":"local","level":"INFO","consoleLevel":"INFO","disableConsoleAfterReady":false,"outputJSON":false,"buffer":true,"appLogName":"222-web.log","coreLogName":"egg-web.log","agentLogName":"egg-agent.log","errorLogName":"common-error.log","coreLogger":{"consoleLevel":"WARN"},"allowDebugAtProd":false,"enablePerformanceTimer":false,"type":"application"}
2022-02-27 12:03:19,907 INFO 59045 [egg-multipart] stream mode enable
2022-02-27 12:03:19,947 INFO 59045 [egg-static] starting static serve /public/ -> /Users/lruler/Desktop/lruler-blog/be/app/public
2022-02-27 12:03:20,104 INFO 59045 [egg:core] dump config after load, 2ms
2022-02-27 12:03:20,115 INFO 59045 [egg-watcher:application] watcher start success
2022-02-27 12:03:20,118 INFO 59045 [egg:core] dump config after ready, 2ms
2022-02-27 12:38:59,712 WARN 59045 [TCPBase] socket is closed by other side while there were still unhandled data in the socket buffer
2022-02-27 12:38:59,759 WARN 59045 [ClusterClient:Watcher] follower closed, and try to init it again
2022-02-27 13:11:23,727 WARN 59045 [TCPBase] socket is closed by other side while there were still unhandled data in the socket buffer
2022-02-27 13:11:23,728 WARN 59045 [ClusterClient:Watcher] follower closed, and try to init it again
2022-02-27 13:28:53,560 WARN 59045 [TCPBase] socket is closed by other side while there were still unhandled data in the socket buffer
2022-02-27 13:28:53,561 WARN 59045 [ClusterClient:Watcher] follower closed, and try to init it again
2022-02-27 14:01:20,531 WARN 59045 [TCPBase] socket is closed by other side while there were still unhandled data in the socket buffer
2022-02-27 14:01:20,533 WARN 59045 [ClusterClient:Watcher] follower closed, and try to init it again
2022-02-27 14:19:15,442 WARN 59045 [TCPBase] socket is closed by other side while there were still unhandled data in the socket buffer
2022-02-27 14:19:15,442 WARN 59045 [ClusterClient:Watcher] follower closed, and try to init it again
2022-02-27 14:35:10,249 WARN 59045 [TCPBase] socket is closed by other side while there were still unhandled data in the socket buffer
2022-02-27 14:35:10,249 WARN 59045 [ClusterClient:Watcher] follower closed, and try to init it again
2022-02-27 14:52:14,979 WARN 59045 [TCPBase] socket is closed by other side while there were still unhandled data in the socket buffer
2022-02-27 14:52:14,979 WARN 59045 [ClusterClient:Watcher] follower closed, and try to init it again
2022-02-27 15:07:26,716 WARN 59045 [ClusterClient:Watcher] follower closed, and try to init it again
2022-02-27 15:23:01,654 WARN 59045 [TCPBase] socket is closed by other side while there were still unhandled data in the socket buffer
2022-02-27 15:23:01,654 WARN 59045 [ClusterClient:Watcher] follower closed, and try to init it again
2022-02-27 15:40:59,229 WARN 59045 [TCPBase] socket is closed by other side while there were still unhandled data in the socket buffer
2022-02-27 15:40:59,245 WARN 59045 [ClusterClient:Watcher] follower closed, and try to init it again
2022-02-27 15:57:24,923 WARN 59045 [ClusterClient:Watcher] follower closed, and try to init it again
2022-02-27 17:31:45,700 WARN 59045 [ClusterClient:Watcher] follower closed, and try to init it again
2022-02-27 18:05:25,286 WARN 59045 [TCPBase] socket is closed by other side while there were still unhandled data in the socket buffer
2022-02-27 18:05:25,286 WARN 59045 [ClusterClient:Watcher] follower closed, and try to init it again
2022-02-27 18:20:57,981 WARN 59045 [TCPBase] socket is closed by other side while there were still unhandled data in the socket buffer
2022-02-27 18:20:57,981 WARN 59045 [ClusterClient:Watcher] follower closed, and try to init it again
2022-02-27 18:30:34,756 WARN 59045 [TCPBase] socket is closed by other side while there were still unhandled data in the socket buffer
2022-02-27 18:30:34,767 WARN 59045 [ClusterClient:Watcher] follower closed, and try to init it again
2022-02-27 19:02:11,546 WARN 59045 [TCPBase] socket is closed by other side while there were still unhandled data in the socket buffer
2022-02-27 19:02:11,547 WARN 59045 [ClusterClient:Watcher] follower closed, and try to init it again
2022-02-27 19:11:56,363 INFO 61824 [egg:logger] init all loggers with options: {"dir":"/Users/lruler/Desktop/lruler-blog/be/logs/222","encoding":"utf8","env":"local","level":"INFO","consoleLevel":"INFO","disableConsoleAfterReady":false,"outputJSON":false,"buffer":true,"appLogName":"222-web.log","coreLogName":"egg-web.log","agentLogName":"egg-agent.log","errorLogName":"common-error.log","coreLogger":{"consoleLevel":"WARN"},"allowDebugAtProd":false,"enablePerformanceTimer":false,"type":"application"}
2022-02-27 19:11:56,374 INFO 61824 [egg-multipart] stream mode enable
2022-02-27 19:11:56,416 INFO 61824 [egg-static] starting static serve /public/ -> /Users/lruler/Desktop/lruler-blog/be/app/public
2022-02-27 19:11:56,590 INFO 61824 [egg:core] dump config after load, 4ms
2022-02-27 19:11:56,609 INFO 61824 [egg-watcher:application] watcher start success
2022-02-27 19:11:56,613 INFO 61824 [egg:core] dump config after ready, 2ms
2022-02-27 19:11:57,466 INFO 61825 [egg:logger] init all loggers with options: {"dir":"/Users/lruler/Desktop/lruler-blog/be/logs/222","encoding":"utf8","env":"local","level":"INFO","consoleLevel":"INFO","disableConsoleAfterReady":false,"outputJSON":false,"buffer":true,"appLogName":"222-web.log","coreLogName":"egg-web.log","agentLogName":"egg-agent.log","errorLogName":"common-error.log","coreLogger":{"consoleLevel":"WARN"},"allowDebugAtProd":false,"enablePerformanceTimer":false,"type":"application"}
2022-02-27 19:11:57,477 INFO 61825 [egg-multipart] stream mode enable
2022-02-27 19:11:57,503 INFO 61825 [egg-static] starting static serve /public/ -> /Users/lruler/Desktop/lruler-blog/be/app/public
2022-02-27 19:11:57,668 INFO 61825 [egg:core] dump config after load, 2ms
2022-02-27 19:11:57,677 INFO 61825 [egg-watcher:application] watcher start success
2022-02-27 19:11:57,679 INFO 61825 [egg:core] dump config after ready, 1ms
